-------------------------------------------------------------------------------
Test set: com.devguard.project.ProjectTenantIsolationIT
-------------------------------------------------------------------------------
Tests run: 11, Failures: 0, Errors: 7, Skipped: 0, Time elapsed: 11.30 s <<< FAILURE! -- in com.devguard.project.ProjectTenantIsolationIT
com.devguard.project.ProjectTenantIsolationIT.globex_ve_solo_su_proyecto -- Time elapsed: 0.619 s <<< ERROR!
org.springframework.web.reactive.function.client.WebClientRequestException: Error occurred after response was completed: OK(200 OK)[Content-Type:"application/json", Cache-Control:"no-cache, no-store, max-age=0, must-revalidate", Pragma:"no-cache", Expires:"0", X-Content-Type-Options:"nosniff", X-Frame-Options:"DENY", X-XSS-Protection:"0", Referrer-Policy:"no-referrer"]
	at org.springframework.web.reactive.function.client.ExchangeFunctions$DefaultExchangeFunction.lambda$wrapException$9(ExchangeFunctions.java:137)
	at reactor.core.publisher.MonoErrorSupplied.subscribe(MonoErrorSupplied.java:55)
	at reactor.core.publisher.Mono.subscribe(Mono.java:4576)
	at reactor.core.publisher.FluxOnErrorResume$ResumeSubscriber.onError(FluxOnErrorResume.java:103)
	at reactor.core.publisher.FluxPeek$PeekSubscriber.onError(FluxPeek.java:222)
	at reactor.core.publisher.FluxPeek$PeekSubscriber.onError(FluxPeek.java:222)
	at reactor.core.publisher.FluxMap$MapSubscriber.onError(FluxMap.java:134)
	at reactor.core.publisher.MonoSubscribeOn$SubscribeOnSubscriber.onError(MonoSubscribeOn.java:152)
	at org.springframework.security.test.context.support.ReactorContextTestExecutionListener$DelegateTestExecutionListener$SecuritySubContext.onError(ReactorContextTestExecutionListener.java:125)
	at reactor.core.publisher.MonoIgnoreThen$ThenIgnoreMain.onError(MonoIgnoreThen.java:280)
	at org.springframework.security.test.context.support.ReactorContextTestExecutionListener$DelegateTestExecutionListener$SecuritySubContext.onError(ReactorContextTestExecutionListener.java:125)
	at reactor.core.publisher.FluxOnErrorResume$ResumeSubscriber.onError(FluxOnErrorResume.java:106)
	at org.springframework.security.test.context.support.ReactorContextTestExecutionListener$DelegateTestExecutionListener$SecuritySubContext.onError(ReactorContextTestExecutionListener.java:125)
	at reactor.core.publisher.Operators.error(Operators.java:198)
	at reactor.core.publisher.MonoError.subscribe(MonoError.java:53)
	at reactor.core.publisher.Mono.subscribe(Mono.java:4576)
	at reactor.core.publisher.FluxOnErrorResume$ResumeSubscriber.onError(FluxOnErrorResume.java:103)
	at reactor.core.publisher.MonoWhen$WhenInner.onError(MonoWhen.java:423)
	at org.springframework.security.test.context.support.ReactorContextTestExecutionListener$DelegateTestExecutionListener$SecuritySubContext.onError(ReactorContextTestExecutionListener.java:125)
	at reactor.core.publisher.SinkEmptyMulticast$VoidInner.error(SinkEmptyMulticast.java:284)
	at reactor.core.publisher.SinkEmptyMulticast.tryEmitError(SinkEmptyMulticast.java:116)
	at reactor.core.publisher.LambdaMonoSubscriber.doError(LambdaMonoSubscriber.java:155)
	at reactor.core.publisher.LambdaMonoSubscriber.onError(LambdaMonoSubscriber.java:150)
	at org.springframework.security.test.context.support.ReactorContextTestExecutionListener$DelegateTestExecutionListener$SecuritySubContext.onError(ReactorContextTestExecutionListener.java:125)
	at reactor.core.publisher.MonoIgnoreThen$ThenIgnoreMain.onError(MonoIgnoreThen.java:280)
	at org.springframework.security.test.context.support.ReactorContextTestExecutionListener$DelegateTestExecutionListener$SecuritySubContext.onError(ReactorContextTestExecutionListener.java:125)
	at reactor.core.publisher.FluxTap$TapSubscriber.onError(FluxTap.java:254)
	at reactor.core.publisher.FluxOnErrorResume$ResumeSubscriber.onError(FluxOnErrorResume.java:106)
	at org.springframework.security.test.context.support.ReactorContextTestExecutionListener$DelegateTestExecutionListener$SecuritySubContext.onError(ReactorContextTestExecutionListener.java:125)
	at reactor.core.publisher.Operators.error(Operators.java:198)
	at reactor.core.publisher.MonoError.subscribe(MonoError.java:53)
	at reactor.core.publisher.Mono.subscribe(Mono.java:4576)
	at reactor.core.publisher.FluxOnErrorResume$ResumeSubscriber.onError(FluxOnErrorResume.java:103)
	at reactor.core.publisher.MonoPeekTerminal$MonoTerminalPeekSubscriber.onError(MonoPeekTerminal.java:258)
	at reactor.core.publisher.FluxOnErrorResume$ResumeSubscriber.onError(FluxOnErrorResume.java:106)
	at org.springframework.security.test.context.support.ReactorContextTestExecutionListener$DelegateTestExecutionListener$SecuritySubContext.onError(ReactorContextTestExecutionListener.java:125)
	at reactor.core.publisher.Operators.error(Operators.java:198)
	at reactor.core.publisher.MonoError.subscribe(MonoError.java:53)
	at reactor.core.publisher.Mono.subscribe(Mono.java:4576)
	at reactor.core.publisher.FluxOnErrorResume$ResumeSubscriber.onError(FluxOnErrorResume.java:103)
	at reactor.core.publisher.MonoPeekTerminal$MonoTerminalPeekSubscriber.onError(MonoPeekTerminal.java:258)
	at reactor.core.publisher.FluxOnErrorResume$ResumeSubscriber.onError(FluxOnErrorResume.java:106)
	at org.springframework.security.test.context.support.ReactorContextTestExecutionListener$DelegateTestExecutionListener$SecuritySubContext.onError(ReactorContextTestExecutionListener.java:125)
	at reactor.core.publisher.Operators.error(Operators.java:198)
	at reactor.core.publisher.MonoError.subscribe(MonoError.java:53)
	at reactor.core.publisher.Mono.subscribe(Mono.java:4576)
	at reactor.core.publisher.FluxOnErrorResume$ResumeSubscriber.onError(FluxOnErrorResume.java:103)
	at reactor.core.publisher.MonoPeekTerminal$MonoTerminalPeekSubscriber.onError(MonoPeekTerminal.java:258)
	at reactor.core.publisher.FluxOnErrorResume$ResumeSubscriber.onError(FluxOnErrorResume.java:106)
	at org.springframework.security.test.context.support.ReactorContextTestExecutionListener$DelegateTestExecutionListener$SecuritySubContext.onError(ReactorContextTestExecutionListener.java:125)
	at reactor.core.publisher.FluxOnAssembly$OnAssemblySubscriber.onError(FluxOnAssembly.java:544)
	at reactor.core.publisher.Operators.error(Operators.java:198)
	at reactor.core.publisher.MonoError.subscribe(MonoError.java:53)
	at reactor.core.publisher.Mono.subscribe(Mono.java:4576)
	at reactor.core.publisher.FluxOnErrorResume$ResumeSubscriber.onError(FluxOnErrorResume.java:103)
	at reactor.core.publisher.MonoPeekTerminal$MonoTerminalPeekSubscriber.onError(MonoPeekTerminal.java:258)
	at reactor.core.publisher.FluxOnAssembly$OnAssemblySubscriber.onError(FluxOnAssembly.java:544)
	at reactor.core.publisher.FluxOnAssembly$OnAssemblySubscriber.onError(FluxOnAssembly.java:544)
	at reactor.core.publisher.FluxOnErrorResume$ResumeSubscriber.onError(FluxOnErrorResume.java:106)
	at org.springframework.security.test.context.support.ReactorContextTestExecutionListener$DelegateTestExecutionListener$SecuritySubContext.onError(ReactorContextTestExecutionListener.java:125)
	at reactor.core.publisher.Operators.error(Operators.java:198)
	at reactor.core.publisher.MonoError.subscribe(MonoError.java:53)
	at reactor.core.publisher.Mono.subscribe(Mono.java:4576)
	at reactor.core.publisher.FluxOnErrorResume$ResumeSubscriber.onError(FluxOnErrorResume.java:103)
	at org.springframework.security.test.context.support.ReactorContextTestExecutionListener$DelegateTestExecutionListener$SecuritySubContext.onError(ReactorContextTestExecutionListener.java:125)
	at reactor.core.publisher.MonoFlatMap$FlatMapMain.secondError(MonoFlatMap.java:241)
	at reactor.core.publisher.MonoFlatMap$FlatMapInner.onError(MonoFlatMap.java:315)
	at reactor.core.publisher.FluxOnAssembly$OnAssemblySubscriber.onError(FluxOnAssembly.java:544)
	at reactor.core.publisher.FluxContextWrite$ContextWriteSubscriber.onError(FluxContextWrite.java:121)
	at reactor.core.publisher.MonoPeekTerminal$MonoTerminalPeekSubscriber.onError(MonoPeekTerminal.java:258)
	at reactor.core.publisher.FluxPeekFuseable$PeekFuseableConditionalSubscriber.onError(FluxPeekFuseable.java:553)
	at reactor.core.publisher.MonoPeekTerminal$MonoTerminalPeekSubscriber.onError(MonoPeekTerminal.java:258)
	at reactor.core.publisher.MonoPeekTerminal$MonoTerminalPeekSubscriber.onError(MonoPeekTerminal.java:258)
	at reactor.core.publisher.FluxContextWrite$ContextWriteSubscriber.onError(FluxContextWrite.java:121)
	at reactor.core.publisher.FluxOnAssembly$OnAssemblySubscriber.onError(FluxOnAssembly.java:544)
	at reactor.core.publisher.MonoPeekTerminal$MonoTerminalPeekSubscriber.onError(MonoPeekTerminal.java:258)
	at reactor.core.publisher.FluxOnAssembly$OnAssemblySubscriber.onError(FluxOnAssembly.java:544)
	at reactor.core.publisher.MonoPeekTerminal$MonoTerminalPeekSubscriber.onError(MonoPeekTerminal.java:258)
	at reactor.core.publisher.FluxContextWrite$ContextWriteSubscriber.onError(FluxContextWrite.java:121)
	at reactor.core.publisher.FluxOnAssembly$OnAssemblySubscriber.onError(FluxOnAssembly.java:544)
	at reactor.core.publisher.MonoPeekTerminal$MonoTerminalPeekSubscriber.onError(MonoPeekTerminal.java:258)
	at reactor.core.publisher.FluxOnErrorResume$ResumeSubscriber.onError(FluxOnErrorResume.java:106)
	at org.springframework.security.test.context.support.ReactorContextTestExecutionListener$DelegateTestExecutionListener$SecuritySubContext.onError(ReactorContextTestExecutionListener.java:125)
	at reactor.core.publisher.Operators.error(Operators.java:198)
	at reactor.core.publisher.MonoError.subscribe(MonoError.java:53)
	at reactor.core.publisher.Mono.subscribe(Mono.java:4576)
	at reactor.core.publisher.FluxOnErrorResume$ResumeSubscriber.onError(FluxOnErrorResume.java:103)
	at reactor.core.publisher.MonoFlatMap$FlatMapMain.secondError(MonoFlatMap.java:241)
	at reactor.core.publisher.MonoFlatMap$FlatMapInner.onError(MonoFlatMap.java:315)
	at reactor.core.publisher.MonoPeekTerminal$MonoTerminalPeekSubscriber.onError(MonoPeekTerminal.java:258)
	at reactor.core.publisher.MonoFlatMap$FlatMapMain.secondError(MonoFlatMap.java:241)
	at reactor.core.publisher.MonoFlatMap$FlatMapInner.onError(MonoFlatMap.java:315)
	at reactor.core.publisher.FluxContextWrite$ContextWriteSubscriber.onError(FluxContextWrite.java:121)
	at reactor.core.publisher.MonoIgnoreThen$ThenIgnoreMain.onError(MonoIgnoreThen.java:280)
	at reactor.core.publisher.FluxOnAssembly$OnAssemblySubscriber.onError(FluxOnAssembly.java:544)
	at reactor.core.publisher.MonoPeekTerminal$MonoTerminalPeekSubscriber.onError(MonoPeekTerminal.java:258)
	at reactor.core.publisher.FluxOnAssembly$OnAssemblySubscriber.onError(FluxOnAssembly.java:544)
	at reactor.core.publisher.MonoPeekTerminal$MonoTerminalPeekSubscriber.onError(MonoPeekTerminal.java:258)
	at reactor.core.publisher.MonoFlatMap$FlatMapMain.secondError(MonoFlatMap.java:241)
	at reactor.core.publisher.MonoFlatMap$FlatMapInner.onError(MonoFlatMap.java:315)
	at reactor.core.publisher.FluxOnAssembly$OnAssemblySubscriber.onError(FluxOnAssembly.java:544)
	at reactor.core.publisher.MonoPeekTerminal$MonoTerminalPeekSubscriber.onError(MonoPeekTerminal.java:258)
	at reactor.core.publisher.MonoFlatMap$FlatMapMain.onError(MonoFlatMap.java:180)
	at reactor.core.publisher.MonoFlatMap$FlatMapMain.onError(MonoFlatMap.java:180)
	at reactor.core.publisher.FluxMap$MapSubscriber.onError(FluxMap.java:134)
	at reactor.core.publisher.Operators$MultiSubscriptionSubscriber.onError(Operators.java:2235)
	at org.springframework.security.test.context.support.ReactorContextTestExecutionListener$DelegateTestExecutionListener$SecuritySubContext.onError(ReactorContextTestExecutionListener.java:125)
	at reactor.core.publisher.MonoIgnoreThen$ThenIgnoreMain.onError(MonoIgnoreThen.java:280)
	at org.springframework.security.test.context.support.ReactorContextTestExecutionListener$DelegateTestExecutionListener$SecuritySubContext.onError(ReactorContextTestExecutionListener.java:125)
	at reactor.core.publisher.FluxOnAssembly$OnAssemblySubscriber.onError(FluxOnAssembly.java:544)
	at reactor.core.publisher.MonoPeekTerminal$MonoTerminalPeekSubscriber.onError(MonoPeekTerminal.java:258)
	at reactor.core.publisher.FluxOnErrorResume$ResumeSubscriber.onError(FluxOnErrorResume.java:106)
	at org.springframework.security.test.context.support.ReactorContextTestExecutionListener$DelegateTestExecutionListener$SecuritySubContext.onError(ReactorContextTestExecutionListener.java:125)
	at reactor.core.publisher.Operators.error(Operators.java:198)
	at reactor.core.publisher.MonoError.subscribe(MonoError.java:53)
	at reactor.core.publisher.Mono.subscribe(Mono.java:4576)
	at reactor.core.publisher.FluxOnErrorResume$ResumeSubscriber.onError(FluxOnErrorResume.java:103)
	at reactor.core.publisher.FluxOnAssembly$OnAssemblySubscriber.onError(FluxOnAssembly.java:544)
	at reactor.core.publisher.MonoPeekTerminal$MonoTerminalPeekSubscriber.onError(MonoPeekTerminal.java:258)
	at reactor.core.publisher.Operators$MultiSubscriptionSubscriber.onError(Operators.java:2235)
	at org.springframework.security.test.context.support.ReactorContextTestExecutionListener$DelegateTestExecutionListener$SecuritySubContext.onError(ReactorContextTestExecutionListener.java:125)
	at reactor.core.publisher.MonoPeekTerminal$MonoTerminalPeekSubscriber.onError(MonoPeekTerminal.java:258)
	at reactor.core.publisher.FluxPeekFuseable$PeekFuseableConditionalSubscriber.onError(FluxPeekFuseable.java:553)
	at reactor.core.publisher.MonoPeekTerminal$MonoTerminalPeekSubscriber.onError(MonoPeekTerminal.java:258)
	at reactor.core.publisher.FluxContextWrite$ContextWriteSubscriber.onError(FluxContextWrite.java:121)
	at reactor.core.publisher.MonoPeekTerminal$MonoTerminalPeekSubscriber.onError(MonoPeekTerminal.java:258)
	at reactor.core.publisher.FluxPeekFuseable$PeekFuseableConditionalSubscriber.onError(FluxPeekFuseable.java:553)
	at reactor.core.publisher.MonoPeekTerminal$MonoTerminalPeekSubscriber.onError(MonoPeekTerminal.java:258)
	at reactor.core.publisher.FluxOnAssembly$OnAssemblySubscriber.onError(FluxOnAssembly.java:544)
	at reactor.core.publisher.FluxOnErrorResume$ResumeSubscriber.onError(FluxOnErrorResume.java:106)
	at org.springframework.security.test.context.support.ReactorContextTestExecutionListener$DelegateTestExecutionListener$SecuritySubContext.onError(ReactorContextTestExecutionListener.java:125)
	at reactor.core.publisher.Operators.error(Operators.java:198)
	at reactor.core.publisher.MonoError.subscribe(MonoError.java:53)
	at reactor.core.publisher.Mono.subscribe(Mono.java:4576)
	at reactor.core.publisher.FluxOnErrorResume$ResumeSubscriber.onError(FluxOnErrorResume.java:103)
	at reactor.core.publisher.Operators$MultiSubscriptionSubscriber.onError(Operators.java:2235)
	at org.springframework.security.test.context.support.ReactorContextTestExecutionListener$DelegateTestExecutionListener$SecuritySubContext.onError(ReactorContextTestExecutionListener.java:125)
	at reactor.core.publisher.MonoFlatMap$FlatMapMain.secondError(MonoFlatMap.java:241)
	at reactor.core.publisher.MonoFlatMap$FlatMapInner.onError(MonoFlatMap.java:315)
	at reactor.core.publisher.MonoFlatMap$FlatMapMain.secondError(MonoFlatMap.java:241)
	at reactor.core.publisher.MonoFlatMap$FlatMapInner.onError(MonoFlatMap.java:315)
	at reactor.core.publisher.FluxOnErrorResume$ResumeSubscriber.onError(FluxOnErrorResume.java:106)
	at org.springframework.security.test.context.support.ReactorContextTestExecutionListener$DelegateTestExecutionListener$SecuritySubContext.onError(ReactorContextTestExecutionListener.java:125)
	at reactor.core.publisher.MonoFlatMap$FlatMapMain.secondError(MonoFlatMap.java:241)
	at reactor.core.publisher.MonoFlatMap$FlatMapInner.onError(MonoFlatMap.java:315)
	at reactor.core.publisher.FluxOnAssembly$OnAssemblySubscriber.onError(FluxOnAssembly.java:544)
	at org.springframework.security.test.context.support.ReactorContextTestExecutionListener$DelegateTestExecutionListener$SecuritySubContext.onError(ReactorContextTestExecutionListener.java:125)
	at reactor.core.publisher.FluxHide$SuppressFuseableSubscriber.onError(FluxHide.java:142)
	at reactor.core.publisher.FluxContextWrite$ContextWriteSubscriber.onError(FluxContextWrite.java:121)
	at reactor.core.publisher.MonoFlatMap$FlatMapMain.onNext(MonoFlatMap.java:136)
	at reactor.core.publisher.FluxSwitchIfEmpty$SwitchIfEmptySubscriber.onNext(FluxSwitchIfEmpty.java:74)
	at reactor.core.publisher.Operators$MonoInnerProducerBase.complete(Operators.java:2864)
	at reactor.core.publisher.MonoSingle$SingleSubscriber.onComplete(MonoSingle.java:180)
	at reactor.core.publisher.FluxMapFuseable$MapFuseableSubscriber.onComplete(FluxMapFuseable.java:152)
	at reactor.core.publisher.Operators$ScalarSubscription.request(Operators.java:2572)
	at reactor.core.publisher.FluxMapFuseable$MapFuseableSubscriber.request(FluxMapFuseable.java:171)
	at reactor.core.publisher.MonoSingle$SingleSubscriber.doOnRequest(MonoSingle.java:103)
	at reactor.core.publisher.Operators$MonoInnerProducerBase.request(Operators.java:2931)
	at reactor.core.publisher.Operators$MultiSubscriptionSubscriber.set(Operators.java:2366)
	at reactor.core.publisher.Operators$MultiSubscriptionSubscriber.onSubscribe(Operators.java:2240)
	at reactor.core.publisher.MonoSingle$SingleSubscriber.onSubscribe(MonoSingle.java:115)
	at reactor.core.publisher.FluxMapFuseable$MapFuseableSubscriber.onSubscribe(FluxMapFuseable.java:96)
	at reactor.core.publisher.MonoJust.subscribe(MonoJust.java:55)
	at reactor.core.publisher.FluxFromMonoOperator.subscribe(FluxFromMonoOperator.java:85)
	at reactor.core.publisher.FluxDeferContextual.subscribe(FluxDeferContextual.java:57)
	at reactor.core.publisher.Mono.subscribe(Mono.java:4576)
	at reactor.core.publisher.FluxFlatMap.trySubscribeScalarMap(FluxFlatMap.java:202)
	at reactor.core.publisher.MonoFlatMap.subscribeOrReturn(MonoFlatMap.java:53)
	at reactor.core.publisher.InternalMonoOperator.subscribe(InternalMonoOperator.java:63)
	at reactor.core.publisher.MonoFlatMap$FlatMapMain.onNext(MonoFlatMap.java:165)
	at reactor.core.publisher.FluxOnErrorResume$ResumeSubscriber.onNext(FluxOnErrorResume.java:79)
	at reactor.core.publisher.MonoFlatMap$FlatMapMain.onNext(MonoFlatMap.java:158)
	at reactor.core.publisher.MonoZip$ZipCoordinator.signal(MonoZip.java:297)
	at reactor.core.publisher.MonoZip$ZipInner.onNext(MonoZip.java:478)
	at reactor.core.publisher.Operators$ScalarSubscription.request(Operators.java:2570)
	at reactor.core.publisher.MonoZip$ZipInner.onSubscribe(MonoZip.java:470)
	at reactor.core.publisher.MonoJust.subscribe(MonoJust.java:55)
	at reactor.core.publisher.MonoZip$ZipCoordinator.request(MonoZip.java:220)
	at reactor.core.publisher.MonoFlatMap$FlatMapMain.request(MonoFlatMap.java:194)
	at reactor.core.publisher.Operators$MultiSubscriptionSubscriber.set(Operators.java:2366)
	at reactor.core.publisher.FluxOnErrorResume$ResumeSubscriber.onSubscribe(FluxOnErrorResume.java:74)
	at reactor.core.publisher.MonoFlatMap$FlatMapMain.onSubscribe(MonoFlatMap.java:117)
	at reactor.core.publisher.MonoZip.subscribe(MonoZip.java:129)
	at reactor.core.publisher.Mono.subscribe(Mono.java:4576)
	at reactor.core.publisher.FluxOnErrorResume$ResumeSubscriber.onError(FluxOnErrorResume.java:103)
	at reactor.core.publisher.FluxOnAssembly$OnAssemblySubscriber.onError(FluxOnAssembly.java:544)
	at reactor.core.publisher.MonoPeekTerminal$MonoTerminalPeekSubscriber.onError(MonoPeekTerminal.java:258)
	at org.springframework.http.server.reactive.ChannelSendOperator$WriteCompletionBarrier.onError(ChannelSendOperator.java:419)
	at org.springframework.http.server.reactive.ChannelSendOperator$WriteBarrier.onError(ChannelSendOperator.java:220)
	at reactor.core.publisher.FluxPeek$PeekSubscriber.onError(FluxPeek.java:222)
	at reactor.core.publisher.FluxPeek$PeekSubscriber.onError(FluxPeek.java:222)
	at reactor.core.publisher.FluxConcatArray$ConcatArraySubscriber.onError(FluxConcatArray.java:186)
	at org.springframework.security.test.context.support.ReactorContextTestExecutionListener$DelegateTestExecutionListener$SecuritySubContext.onError(ReactorContextTestExecutionListener.java:125)
	at reactor.core.publisher.Operators$MultiSubscriptionSubscriber.onError(Operators.java:2235)
	at reactor.core.publisher.FluxMap$MapSubscriber.onError(FluxMap.java:134)
	at reactor.core.publisher.MonoFlatMapMany$FlatMapManyInner.onError(MonoFlatMapMany.java:256)
	at org.springframework.security.test.context.support.ReactorContextTestExecutionListener$DelegateTestExecutionListener$SecuritySubContext.onError(ReactorContextTestExecutionListener.java:125)
	at reactor.core.publisher.FluxOnErrorResume$ResumeSubscriber.onError(FluxOnErrorResume.java:106)
	at org.springframework.security.test.context.support.ReactorContextTestExecutionListener$DelegateTestExecutionListener$SecuritySubContext.onError(ReactorContextTestExecutionListener.java:125)
	at reactor.core.publisher.Operators.error(Operators.java:198)
	at reactor.core.publisher.FluxError.subscribe(FluxError.java:43)
	at reactor.core.publisher.Flux.subscribe(Flux.java:8891)
	at reactor.core.publisher.FluxOnErrorResume$ResumeSubscriber.onError(FluxOnErrorResume.java:103)
	at reactor.core.publisher.FluxMap$MapSubscriber.onError(FluxMap.java:134)
	at reactor.core.publisher.MonoFlatMapMany$FlatMapManyMain.onError(MonoFlatMapMany.java:205)
	at reactor.core.publisher.Operators.error(Operators.java:198)
	at reactor.core.publisher.MonoError.subscribe(MonoError.java:53)
	at reactor.core.publisher.MonoDeferContextual.subscribe(MonoDeferContextual.java:55)
	at reactor.core.publisher.InternalFluxOperator.subscribe(InternalFluxOperator.java:68)
	at reactor.core.publisher.FluxDefer.subscribe(FluxDefer.java:54)
	at reactor.core.publisher.Flux.subscribe(Flux.java:8891)
	at reactor.core.publisher.MonoFlatMapMany$FlatMapManyMain.onNext(MonoFlatMapMany.java:196)
	at reactor.core.publisher.FluxSwitchIfEmpty$SwitchIfEmptySubscriber.onNext(FluxSwitchIfEmpty.java:74)
	at reactor.core.publisher.FluxMap$MapSubscriber.onNext(FluxMap.java:122)
	at reactor.core.publisher.MonoPeekTerminal$MonoTerminalPeekSubscriber.onNext(MonoPeekTerminal.java:180)
	at reactor.core.publisher.FluxPeekFuseable$PeekFuseableConditionalSubscriber.onNext(FluxPeekFuseable.java:503)
	at reactor.core.publisher.MonoPeekTerminal$MonoTerminalPeekSubscriber.onNext(MonoPeekTerminal.java:180)
	at reactor.core.publisher.FluxMapFuseable$MapFuseableConditionalSubscriber.onNext(FluxMapFuseable.java:299)
	at reactor.core.publisher.MonoFlatMap$FlatMapMain.secondComplete(MonoFlatMap.java:245)
	at reactor.core.publisher.MonoFlatMap$FlatMapInner.onNext(MonoFlatMap.java:305)
	at reactor.core.publisher.Operators$ScalarSubscription.request(Operators.java:2570)
	at reactor.core.publisher.MonoFlatMap$FlatMapInner.onSubscribe(MonoFlatMap.java:291)
	at reactor.core.publisher.MonoJust.subscribe(MonoJust.java:55)
	at reactor.core.publisher.MonoDefer.subscribe(MonoDefer.java:53)
	at reactor.core.publisher.MonoFlatMap$FlatMapMain.onNext(MonoFlatMap.java:165)
	at reactor.core.publisher.FluxMap$MapSubscriber.onNext(FluxMap.java:122)
	at reactor.core.publisher.FluxMap$MapSubscriber.onNext(FluxMap.java:122)
	at reactor.core.publisher.FluxDefaultIfEmpty$DefaultIfEmptySubscriber.onNext(FluxDefaultIfEmpty.java:122)
	at reactor.core.publisher.FluxMapFuseable$MapFuseableSubscriber.onNext(FluxMapFuseable.java:129)
	at reactor.core.publisher.MonoFlatMap$FlatMapMain.onNext(MonoFlatMap.java:158)
	at reactor.core.publisher.FluxFilter$FilterSubscriber.onNext(FluxFilter.java:113)
	at reactor.core.publisher.FluxMap$MapConditionalSubscriber.onNext(FluxMap.java:224)
	at reactor.core.publisher.Operators$ScalarSubscription.request(Operators.java:2570)
	at reactor.core.publisher.FluxMap$MapConditionalSubscriber.request(FluxMap.java:295)
	at reactor.core.publisher.FluxFilter$FilterSubscriber.request(FluxFilter.java:186)
	at reactor.core.publisher.MonoFlatMap$FlatMapMain.request(MonoFlatMap.java:194)
	at reactor.core.publisher.FluxMapFuseable$MapFuseableSubscriber.request(FluxMapFuseable.java:171)
	at reactor.core.publisher.FluxDefaultIfEmpty$DefaultIfEmptySubscriber.request(FluxDefaultIfEmpty.java:98)
	at reactor.core.publisher.FluxMap$MapSubscriber.request(FluxMap.java:164)
	at reactor.core.publisher.FluxMap$MapSubscriber.request(FluxMap.java:164)
	at reactor.core.publisher.MonoFlatMap$FlatMapMain.request(MonoFlatMap.java:194)
	at reactor.core.publisher.FluxMapFuseable$MapFuseableConditionalSubscriber.request(FluxMapFuseable.java:360)
	at reactor.core.publisher.MonoPeekTerminal$MonoTerminalPeekSubscriber.request(MonoPeekTerminal.java:139)
	at reactor.core.publisher.FluxPeekFuseable$PeekFuseableConditionalSubscriber.request(FluxPeekFuseable.java:437)
	at reactor.core.publisher.MonoPeekTerminal$MonoTerminalPeekSubscriber.request(MonoPeekTerminal.java:139)
	at reactor.core.publisher.FluxMap$MapSubscriber.request(FluxMap.java:164)
	at reactor.core.publisher.Operators$MultiSubscriptionSubscriber.set(Operators.java:2366)
	at reactor.core.publisher.Operators$MultiSubscriptionSubscriber.onSubscribe(Operators.java:2240)
	at reactor.core.publisher.FluxMap$MapSubscriber.onSubscribe(FluxMap.java:92)
	at reactor.core.publisher.MonoPeekTerminal$MonoTerminalPeekSubscriber.onSubscribe(MonoPeekTerminal.java:152)
	at reactor.core.publisher.FluxPeekFuseable$PeekFuseableConditionalSubscriber.onSubscribe(FluxPeekFuseable.java:471)
	at reactor.core.publisher.MonoPeekTerminal$MonoTerminalPeekSubscriber.onSubscribe(MonoPeekTerminal.java:152)
	at reactor.core.publisher.FluxMapFuseable$MapFuseableConditionalSubscriber.onSubscribe(FluxMapFuseable.java:265)
	at reactor.core.publisher.MonoFlatMap$FlatMapMain.onSubscribe(MonoFlatMap.java:117)
	at reactor.core.publisher.FluxMap$MapSubscriber.onSubscribe(FluxMap.java:92)
	at reactor.core.publisher.FluxMap$MapSubscriber.onSubscribe(FluxMap.java:92)
	at reactor.core.publisher.Operators$BaseFluxToMonoOperator.onSubscribe(Operators.java:2050)
	at reactor.core.publisher.FluxMapFuseable$MapFuseableSubscriber.onSubscribe(FluxMapFuseable.java:96)
	at reactor.core.publisher.MonoFlatMap$FlatMapMain.onSubscribe(MonoFlatMap.java:117)
	at reactor.core.publisher.FluxFilter$FilterSubscriber.onSubscribe(FluxFilter.java:85)
	at reactor.core.publisher.FluxMap$MapConditionalSubscriber.onSubscribe(FluxMap.java:194)
	at reactor.core.publisher.MonoJust.subscribe(MonoJust.java:55)
	at reactor.core.publisher.MonoDeferContextual.subscribe(MonoDeferContextual.java:55)
	at reactor.core.publisher.InternalMonoOperator.subscribe(InternalMonoOperator.java:76)
	at reactor.core.publisher.MonoDeferContextual.subscribe(MonoDeferContextual.java:55)
	at reactor.core.publisher.Flux.subscribe(Flux.java:8891)
	at reactor.core.publisher.FluxConcatArray$ConcatArraySubscriber.onComplete(FluxConcatArray.java:238)
	at reactor.core.publisher.FluxConcatArray.subscribe(FluxConcatArray.java:79)
	at reactor.core.publisher.InternalFluxOperator.subscribe(InternalFluxOperator.java:68)
	at reactor.core.publisher.FluxDeferContextual.subscribe(FluxDeferContextual.java:57)
	at org.springframework.http.server.reactive.ChannelSendOperator.subscribe(ChannelSendOperator.java:77)
	at reactor.core.publisher.InternalMonoOperator.subscribe(InternalMonoOperator.java:76)
	at reactor.core.publisher.MonoFlatMap$FlatMapMain.onNext(MonoFlatMap.java:165)
	at reactor.core.publisher.FluxOnErrorResume$ResumeSubscriber.onNext(FluxOnErrorResume.java:79)
	at reactor.core.publisher.FluxOnErrorResume$ResumeSubscriber.onNext(FluxOnErrorResume.java:79)
	at reactor.core.publisher.FluxPeek$PeekSubscriber.onNext(FluxPeek.java:200)
	at reactor.core.publisher.MonoIgnoreThen$ThenIgnoreMain.complete(MonoIgnoreThen.java:294)
	at reactor.core.publisher.MonoIgnoreThen$ThenIgnoreMain.onNext(MonoIgnoreThen.java:188)
	at reactor.core.publisher.Operators$ScalarSubscription.request(Operators.java:2570)
	at reactor.core.publisher.MonoIgnoreThen$ThenIgnoreMain.onSubscribe(MonoIgnoreThen.java:135)
	at reactor.core.publisher.FluxFlatMap.trySubscribeScalarMap(FluxFlatMap.java:193)
	at reactor.core.publisher.MonoFlatMap.subscribeOrReturn(MonoFlatMap.java:53)
	at reactor.core.publisher.InternalMonoOperator.subscribe(InternalMonoOperator.java:63)
	at reactor.core.publisher.MonoDefer.subscribe(MonoDefer.java:53)
	at reactor.core.publisher.MonoIgnoreThen$ThenIgnoreMain.subscribeNext(MonoIgnoreThen.java:241)
	at reactor.core.publisher.MonoIgnoreThen$ThenIgnoreMain.onComplete(MonoIgnoreThen.java:204)
	at org.springframework.security.test.context.support.ReactorContextTestExecutionListener$DelegateTestExecutionListener$SecuritySubContext.onComplete(ReactorContextTestExecutionListener.java:130)
	at reactor.core.publisher.MonoFlatMap$FlatMapMain.onComplete(MonoFlatMap.java:189)
	at reactor.core.publisher.Operators.complete(Operators.java:137)
	at reactor.core.publisher.MonoZip.subscribe(MonoZip.java:121)
	at reactor.core.publisher.Mono.subscribe(Mono.java:4576)
	at reactor.core.publisher.MonoIgnoreThen$ThenIgnoreMain.subscribeNext(MonoIgnoreThen.java:265)
	at reactor.core.publisher.MonoIgnoreThen.subscribe(MonoIgnoreThen.java:51)
	at reactor.core.publisher.InternalMonoOperator.subscribe(InternalMonoOperator.java:76)
	at reactor.core.publisher.MonoFlatMap$FlatMapMain.onNext(MonoFlatMap.java:165)
	at reactor.core.publisher.FluxOnErrorResume$ResumeSubscriber.onNext(FluxOnErrorResume.java:79)
	at reactor.core.publisher.FluxSwitchIfEmpty$SwitchIfEmptySubscriber.onNext(FluxSwitchIfEmpty.java:74)
	at reactor.core.publisher.MonoNext$NextSubscriber.onNext(MonoNext.java:82)
	at reactor.core.publisher.FluxConcatMapNoPrefetch$FluxConcatMapNoPrefetchSubscriber.innerNext(FluxConcatMapNoPrefetch.java:259)
	at reactor.core.publisher.FluxConcatMap$ConcatMapInner.onNext(FluxConcatMap.java:865)
	at org.springframework.security.test.context.support.ReactorContextTestExecutionListener$DelegateTestExecutionListener$SecuritySubContext.onNext(ReactorContextTestExecutionListener.java:120)
	at reactor.core.publisher.FluxMapFuseable$MapFuseableSubscriber.onNext(FluxMapFuseable.java:129)
	at reactor.core.publisher.MonoPeekTerminal$MonoTerminalPeekSubscriber.onNext(MonoPeekTerminal.java:180)
	at reactor.core.publisher.Operators$ScalarSubscription.request(Operators.java:2570)
	at reactor.core.publisher.MonoPeekTerminal$MonoTerminalPeekSubscriber.request(MonoPeekTerminal.java:139)
	at reactor.core.publisher.FluxMapFuseable$MapFuseableSubscriber.request(FluxMapFuseable.java:171)
	at reactor.core.publisher.Operators$MultiSubscriptionSubscriber.request(Operators.java:2330)
	at reactor.core.publisher.FluxConcatMapNoPrefetch$FluxConcatMapNoPrefetchSubscriber.request(FluxConcatMapNoPrefetch.java:339)
	at reactor.core.publisher.MonoNext$NextSubscriber.request(MonoNext.java:108)
	at reactor.core.publisher.Operators$MultiSubscriptionSubscriber.set(Operators.java:2366)
	at reactor.core.publisher.Operators$MultiSubscriptionSubscriber.onSubscribe(Operators.java:2240)
	at reactor.core.publisher.MonoNext$NextSubscriber.onSubscribe(MonoNext.java:70)
	at reactor.core.publisher.FluxConcatMapNoPrefetch$FluxConcatMapNoPrefetchSubscriber.onSubscribe(FluxConcatMapNoPrefetch.java:164)
	at reactor.core.publisher.FluxIterable.subscribe(FluxIterable.java:201)
	at reactor.core.publisher.FluxIterable.subscribe(FluxIterable.java:83)
	at reactor.core.publisher.InternalMonoOperator.subscribe(InternalMonoOperator.java:76)
	at reactor.core.publisher.MonoDefer.subscribe(MonoDefer.java:53)
	at reactor.core.publisher.MonoDefer.subscribe(MonoDefer.java:53)
	at reactor.core.publisher.Mono.subscribe(Mono.java:4576)
	at reactor.core.publisher.FluxSwitchIfEmpty$SwitchIfEmptySubscriber.onComplete(FluxSwitchIfEmpty.java:82)
	at reactor.core.publisher.MonoFlatMap$FlatMapMain.secondComplete(MonoFlatMap.java:250)
	at reactor.core.publisher.MonoFlatMap$FlatMapInner.onComplete(MonoFlatMap.java:324)
	at reactor.core.publisher.MonoFlatMap$FlatMapMain.secondComplete(MonoFlatMap.java:250)
	at reactor.core.publisher.MonoFlatMap$FlatMapInner.onComplete(MonoFlatMap.java:324)
	at reactor.core.publisher.FluxContextWrite$ContextWriteSubscriber.onComplete(FluxContextWrite.java:126)
	at reactor.core.publisher.MonoFlatMap$FlatMapMain.secondComplete(MonoFlatMap.java:250)
	at reactor.core.publisher.MonoFlatMap$FlatMapInner.onComplete(MonoFlatMap.java:324)
	at reactor.core.publisher.MonoFlatMap$FlatMapMain.secondComplete(MonoFlatMap.java:250)
	at reactor.core.publisher.MonoFlatMap$FlatMapInner.onComplete(MonoFlatMap.java:324)
	at reactor.core.publisher.Operators$MultiSubscriptionSubscriber.onComplete(Operators.java:2230)
	at reactor.core.publisher.FluxOnAssembly$OnAssemblySubscriber.onComplete(FluxOnAssembly.java:549)
	at reactor.core.publisher.MonoPeekTerminal$MonoTerminalPeekSubscriber.onComplete(MonoPeekTerminal.java:299)
	at org.springframework.http.server.reactive.ChannelSendOperator$WriteCompletionBarrier.onComplete(ChannelSendOperator.java:428)
	at org.springframework.security.test.context.support.ReactorContextTestExecutionListener$DelegateTestExecutionListener$SecuritySubContext.onComplete(ReactorContextTestExecutionListener.java:130)
	at reactor.core.publisher.MonoIgnoreElements$IgnoreElementsSubscriber.onComplete(MonoIgnoreElements.java:89)
	at reactor.core.publisher.FluxConcatArray$ConcatArraySubscriber.onComplete(FluxConcatArray.java:209)
	at reactor.core.publisher.FluxConcatArray.subscribe(FluxConcatArray.java:79)
	at reactor.core.publisher.Mono.subscribe(Mono.java:4576)
	at org.springframework.http.server.reactive.ChannelSendOperator$WriteBarrier.onNext(ChannelSendOperator.java:192)
	at reactor.core.publisher.FluxPeek$PeekSubscriber.onNext(FluxPeek.java:200)
	at reactor.core.publisher.FluxPeek$PeekSubscriber.onNext(FluxPeek.java:200)
	at reactor.core.publisher.FluxConcatArray$ConcatArraySubscriber.onNext(FluxConcatArray.java:180)
	at org.springframework.security.test.context.support.ReactorContextTestExecutionListener$DelegateTestExecutionListener$SecuritySubContext.onNext(ReactorContextTestExecutionListener.java:120)
	at reactor.core.publisher.FluxSwitchIfEmpty$SwitchIfEmptySubscriber.onNext(FluxSwitchIfEmpty.java:74)
	at reactor.core.publisher.FluxMap$MapSubscriber.onNext(FluxMap.java:122)
	at reactor.core.publisher.MonoFlatMapMany$FlatMapManyInner.onNext(MonoFlatMapMany.java:251)
	at org.springframework.security.test.context.support.ReactorContextTestExecutionListener$DelegateTestExecutionListener$SecuritySubContext.onNext(ReactorContextTestExecutionListener.java:120)
	at reactor.core.publisher.FluxOnErrorResume$ResumeSubscriber.onNext(FluxOnErrorResume.java:79)
	at reactor.core.publisher.FluxMap$MapSubscriber.onNext(FluxMap.java:122)
	at reactor.core.publisher.MonoFlatMapMany$FlatMapManyInner.onNext(MonoFlatMapMany.java:251)
	at org.springframework.security.test.context.support.ReactorContextTestExecutionListener$DelegateTestExecutionListener$SecuritySubContext.onNext(ReactorContextTestExecutionListener.java:120)
	at reactor.core.publisher.FluxUsingWhen$UsingWhenSubscriber.onNext(FluxUsingWhen.java:348)
	at org.springframework.security.test.context.support.ReactorContextTestExecutionListener$DelegateTestExecutionListener$SecuritySubContext.onNext(ReactorContextTestExecutionListener.java:120)
	at org.springframework.security.test.context.support.ReactorContextTestExecutionListener$DelegateTestExecutionListener$SecuritySubContext.onNext(ReactorContextTestExecutionListener.java:120)
	at org.springframework.security.test.context.support.ReactorContextTestExecutionListener$DelegateTestExecutionListener$SecuritySubContext.onNext(ReactorContextTestExecutionListener.java:120)
	at reactor.core.publisher.FluxConcatMapNoPrefetch$FluxConcatMapNoPrefetchSubscriber.innerNext(FluxConcatMapNoPrefetch.java:259)
	at reactor.core.publisher.FluxConcatMap$ConcatMapInner.onNext(FluxConcatMap.java:865)
	at reactor.core.publisher.FluxConcatMap$WeakScalarSubscription.request(FluxConcatMap.java:480)
	at reactor.core.publisher.Operators$MultiSubscriptionSubscriber.set(Operators.java:2366)
	at reactor.core.publisher.FluxConcatMapNoPrefetch$FluxConcatMapNoPrefetchSubscriber.onNext(FluxConcatMapNoPrefetch.java:202)
	at reactor.core.publisher.FluxOnErrorResume$ResumeSubscriber.onNext(FluxOnErrorResume.java:79)
	at reactor.core.publisher.FluxUsingWhen$UsingWhenSubscriber.onNext(FluxUsingWhen.java:348)
	at org.springframework.security.test.context.support.ReactorContextTestExecutionListener$DelegateTestExecutionListener$SecuritySubContext.onNext(ReactorContextTestExecutionListener.java:120)
	at reactor.core.publisher.FluxFlatMap$FlatMapMain.tryEmit(FluxFlatMap.java:547)
	at reactor.core.publisher.FluxFlatMap$FlatMapInner.onNext(FluxFlatMap.java:988)
	at org.springframework.security.test.context.support.ReactorContextTestExecutionListener$DelegateTestExecutionListener$SecuritySubContext.onNext(ReactorContextTestExecutionListener.java:120)
	at reactor.core.publisher.FluxHandle$HandleSubscriber.onNext(FluxHandle.java:129)
	at reactor.core.publisher.MonoFlatMapMany$FlatMapManyInner.onNext(MonoFlatMapMany.java:251)
	at org.springframework.security.test.context.support.ReactorContextTestExecutionListener$DelegateTestExecutionListener$SecuritySubContext.onNext(ReactorContextTestExecutionListener.java:120)
	at reactor.core.publisher.FluxHandleFuseable$HandleFuseableSubscriber.onNext(FluxHandleFuseable.java:194)
	at reactor.core.publisher.FluxFilterFuseable$FilterFuseableConditionalSubscriber.onNext(FluxFilterFuseable.java:337)
	at reactor.core.publisher.FluxContextWrite$ContextWriteSubscriber.onNext(FluxContextWrite.java:107)
	at reactor.core.publisher.FluxPeekFuseable$PeekConditionalSubscriber.onNext(FluxPeekFuseable.java:854)
	at reactor.core.publisher.FluxPeekFuseable$PeekConditionalSubscriber.onNext(FluxPeekFuseable.java:854)
	at io.r2dbc.postgresql.util.FluxDiscardOnCancel$FluxDiscardOnCancelSubscriber.onNext(FluxDiscardOnCancel.java:91)
	at reactor.core.publisher.FluxDoFinally$DoFinallySubscriber.onNext(FluxDoFinally.java:113)
	at reactor.core.publisher.FluxHandle$HandleSubscriber.onNext(FluxHandle.java:129)
	at reactor.core.publisher.FluxCreate$BufferAsyncSink.drain(FluxCreate.java:880)
	at reactor.core.publisher.FluxCreate$BufferAsyncSink.next(FluxCreate.java:805)
	at reactor.core.publisher.FluxCreate$SerializedFluxSink.next(FluxCreate.java:163)
	at io.r2dbc.postgresql.client.ReactorNettyClient$Conversation.emit(ReactorNettyClient.java:696)
	at io.r2dbc.postgresql.client.ReactorNettyClient$BackendMessageSubscriber.emit(ReactorNettyClient.java:948)
	at io.r2dbc.postgresql.client.ReactorNettyClient$BackendMessageSubscriber.onNext(ReactorNettyClient.java:822)
	at io.r2dbc.postgresql.client.ReactorNettyClient$BackendMessageSubscriber.onNext(ReactorNettyClient.java:728)
	at reactor.core.publisher.FluxHandle$HandleSubscriber.onNext(FluxHandle.java:129)
	at reactor.core.publisher.FluxPeekFuseable$PeekConditionalSubscriber.onNext(FluxPeekFuseable.java:854)
	at reactor.core.publisher.FluxMap$MapConditionalSubscriber.onNext(FluxMap.java:224)
	at reactor.core.publisher.FluxMap$MapConditionalSubscriber.onNext(FluxMap.java:224)
	at reactor.netty.channel.FluxReceive.drainReceiver(FluxReceive.java:292)
	at reactor.netty.channel.FluxReceive.onInboundNext(FluxReceive.java:401)
	at reactor.netty.channel.ChannelOperations.onInboundNext(ChannelOperations.java:435)
	at reactor.netty.channel.ChannelOperationsHandler.channelRead(ChannelOperationsHandler.java:115)
	at io.netty.channel.AbstractChannelHandlerContext.invokeChannelRead(AbstractChannelHandlerContext.java:444)
	at io.netty.channel.AbstractChannelHandlerContext.invokeChannelRead(AbstractChannelHandlerContext.java:420)
	at io.netty.channel.AbstractChannelHandlerContext.fireChannelRead(AbstractChannelHandlerContext.java:412)
	at io.netty.handler.codec.ByteToMessageDecoder.fireChannelRead(ByteToMessageDecoder.java:346)
	at io.netty.handler.codec.ByteToMessageDecoder.fireChannelRead(ByteToMessageDecoder.java:333)
	at io.netty.handler.codec.ByteToMessageDecoder.callDecode(ByteToMessageDecoder.java:455)
	at io.netty.handler.codec.ByteToMessageDecoder.channelRead(ByteToMessageDecoder.java:290)
	at io.netty.channel.AbstractChannelHandlerContext.invokeChannelRead(AbstractChannelHandlerContext.java:444)
	at io.netty.channel.AbstractChannelHandlerContext.invokeChannelRead(AbstractChannelHandlerContext.java:420)
	at io.netty.channel.AbstractChannelHandlerContext.fireChannelRead(AbstractChannelHandlerContext.java:412)
	at io.netty.channel.DefaultChannelPipeline$HeadContext.channelRead(DefaultChannelPipeline.java:1357)
	at io.netty.channel.AbstractChannelHandlerContext.invokeChannelRead(AbstractChannelHandlerContext.java:440)
	at io.netty.channel.AbstractChannelHandlerContext.invokeChannelRead(AbstractChannelHandlerContext.java:420)
	at io.netty.channel.DefaultChannelPipeline.fireChannelRead(DefaultChannelPipeline.java:868)
	at io.netty.channel.nio.AbstractNioByteChannel$NioByteUnsafe.read(AbstractNioByteChannel.java:166)
	at io.netty.channel.nio.NioEventLoop.processSelectedKey(NioEventLoop.java:796)
	at io.netty.channel.nio.NioEventLoop.processSelectedKeysOptimized(NioEventLoop.java:732)
	at io.netty.channel.nio.NioEventLoop.processSelectedKeys(NioEventLoop.java:658)
	at io.netty.channel.nio.NioEventLoop.run(NioEventLoop.java:562)
	at io.netty.util.concurrent.SingleThreadEventExecutor$4.run(SingleThreadEventExecutor.java:998)
	at io.netty.util.internal.ThreadExecutorMap$2.run(ThreadExecutorMap.java:74)
	at io.netty.util.concurrent.FastThreadLocalRunnable.run(FastThreadLocalRunnable.java:30)
	at java.base/java.lang.Thread.run(Thread.java:1583)
	Suppressed: java.lang.Exception: #block terminated with an error
		at reactor.core.publisher.BlockingSingleSubscriber.blockingGet(BlockingSingleSubscriber.java:146)
		at reactor.core.publisher.Mono.block(Mono.java:1807)
		at org.springframework.test.web.reactive.server.DefaultWebTestClient$DefaultRequestBodyUriSpec.exchange(DefaultWebTestClient.java:369)
		at com.devguard.project.ProjectTenantIsolationIT.globex_ve_solo_su_proyecto(ProjectTenantIsolationIT.java:113)
		at java.base/java.lang.reflect.Method.invoke(Method.java:580)
		at java.base/java.util.ArrayList.forEach(ArrayList.java:1596)
		at java.base/java.util.ArrayList.forEach(ArrayList.java:1596)
Caused by: org.springframework.test.web.reactive.server.HttpHandlerConnector$FailureAfterResponseCompletedException: Error occurred after response was completed: OK(200 OK)[Content-Type:"application/json", Cache-Control:"no-cache, no-store, max-age=0, must-revalidate", Pragma:"no-cache", Expires:"0", X-Content-Type-Options:"nosniff", X-Frame-Options:"DENY", X-XSS-Protection:"0", Referrer-Policy:"no-referrer"]
	at org.springframework.test.web.reactive.server.HttpHandlerConnector.lambda$doConnect$6(HttpHandlerConnector.java:122)
	at reactor.core.publisher.Mono.lambda$onErrorMap$29(Mono.java:3862)
	at reactor.core.publisher.FluxOnErrorResume$ResumeSubscriber.onError(FluxOnErrorResume.java:94)
	... 398 more
Caused by: java.lang.UnsupportedOperationException
	at org.springframework.http.ReadOnlyHttpHeaders.set(ReadOnlyHttpHeaders.java:112)
	Suppressed: The stacktrace has been enhanced by Reactor, refer to additional information below: 
Error has been observed at the following site(s):
	*__checkpoint ⇢ Exception handler com.devguard.shared.error.GlobalExceptionHandler#handleTenant(TenantResolutionException), error="No hay contexto de tenant en la peticion" [DispatcherHandler]
	*__checkpoint ⇢ com.devguard.shared.tenant.TenantContextFilter [DefaultWebFilterChain]
	*__checkpoint ⇢ AuthorizationWebFilter [DefaultWebFilterChain]
	*__checkpoint ⇢ ExceptionTranslationWebFilter [DefaultWebFilterChain]
	*__checkpoint ⇢ LogoutWebFilter [DefaultWebFilterChain]
	*__checkpoint ⇢ ServerRequestCacheWebFilter [DefaultWebFilterChain]
	*__checkpoint ⇢ SecurityContextServerWebExchangeWebFilter [DefaultWebFilterChain]
	*__checkpoint ⇢ AuthenticationWebFilter [DefaultWebFilterChain]
	*__checkpoint ⇢ ReactorContextWebFilter [DefaultWebFilterChain]
	*__checkpoint ⇢ HttpHeaderWriterWebFilter [DefaultWebFilterChain]
	*__checkpoint ⇢ ServerWebExchangeReactorContextWebFilter [DefaultWebFilterChain]
	*__checkpoint ⇢ org.springframework.security.web.server.WebFilterChainProxy [DefaultWebFilterChain]
	*__checkpoint ⇢ org.springframework.security.test.web.reactive.server.SecurityMockServerConfigurers$MutatorFilter [DefaultWebFilterChain]
	*__checkpoint ⇢ HTTP GET "/api/projects" [ExceptionHandlingWebHandler]
Original Stack Trace:
		at org.springframework.http.ReadOnlyHttpHeaders.set(ReadOnlyHttpHeaders.java:112)
		at org.springframework.http.HttpHeaders.setContentLength(HttpHeaders.java:1011)
		at org.springframework.http.codec.EncoderHttpMessageWriter.lambda$write$1(EncoderHttpMessageWriter.java:136)
		at reactor.core.publisher.MonoFlatMap$FlatMapMain.onNext(MonoFlatMap.java:132)
		at reactor.core.publisher.FluxSwitchIfEmpty$SwitchIfEmptySubscriber.onNext(FluxSwitchIfEmpty.java:74)
		at reactor.core.publisher.Operators$MonoInnerProducerBase.complete(Operators.java:2864)
		at reactor.core.publisher.MonoSingle$SingleSubscriber.onComplete(MonoSingle.java:180)
		at reactor.core.publisher.FluxMapFuseable$MapFuseableSubscriber.onComplete(FluxMapFuseable.java:152)
		at reactor.core.publisher.Operators$ScalarSubscription.request(Operators.java:2572)
		at reactor.core.publisher.FluxMapFuseable$MapFuseableSubscriber.request(FluxMapFuseable.java:171)
		at reactor.core.publisher.MonoSingle$SingleSubscriber.doOnRequest(MonoSingle.java:103)
		at reactor.core.publisher.Operators$MonoInnerProducerBase.request(Operators.java:2931)
		at reactor.core.publisher.Operators$MultiSubscriptionSubscriber.set(Operators.java:2366)
		at reactor.core.publisher.Operators$MultiSubscriptionSubscriber.onSubscribe(Operators.java:2240)
		at reactor.core.publisher.MonoSingle$SingleSubscriber.onSubscribe(MonoSingle.java:115)
		at reactor.core.publisher.FluxMapFuseable$MapFuseableSubscriber.onSubscribe(FluxMapFuseable.java:96)
		at reactor.core.publisher.MonoJust.subscribe(MonoJust.java:55)
		at reactor.core.publisher.FluxFromMonoOperator.subscribe(FluxFromMonoOperator.java:85)
		at reactor.core.publisher.FluxDeferContextual.subscribe(FluxDeferContextual.java:57)
		at reactor.core.publisher.Mono.subscribe(Mono.java:4576)
		at reactor.core.publisher.FluxFlatMap.trySubscribeScalarMap(FluxFlatMap.java:202)
		at reactor.core.publisher.MonoFlatMap.subscribeOrReturn(MonoFlatMap.java:53)
		at reactor.core.publisher.InternalMonoOperator.subscribe(InternalMonoOperator.java:63)
		at reactor.core.publisher.MonoFlatMap$FlatMapMain.onNext(MonoFlatMap.java:165)
		at reactor.core.publisher.FluxOnErrorResume$ResumeSubscriber.onNext(FluxOnErrorResume.java:79)
		at reactor.core.publisher.MonoFlatMap$FlatMapMain.onNext(MonoFlatMap.java:158)
		at reactor.core.publisher.MonoZip$ZipCoordinator.signal(MonoZip.java:297)
		at reactor.core.publisher.MonoZip$ZipInner.onNext(MonoZip.java:478)
		at reactor.core.publisher.Operators$ScalarSubscription.request(Operators.java:2570)
		at reactor.core.publisher.MonoZip$ZipInner.onSubscribe(MonoZip.java:470)
		at reactor.core.publisher.MonoJust.subscribe(MonoJust.java:55)
		at reactor.core.publisher.MonoZip$ZipCoordinator.request(MonoZip.java:220)
		at reactor.core.publisher.MonoFlatMap$FlatMapMain.request(MonoFlatMap.java:194)
		at reactor.core.publisher.Operators$MultiSubscriptionSubscriber.set(Operators.java:2366)
		at reactor.core.publisher.FluxOnErrorResume$ResumeSubscriber.onSubscribe(FluxOnErrorResume.java:74)
		at reactor.core.publisher.MonoFlatMap$FlatMapMain.onSubscribe(MonoFlatMap.java:117)
		at reactor.core.publisher.MonoZip.subscribe(MonoZip.java:129)
		at reactor.core.publisher.Mono.subscribe(Mono.java:4576)
		at reactor.core.publisher.FluxOnErrorResume$ResumeSubscriber.onError(FluxOnErrorResume.java:103)
		at reactor.core.publisher.MonoPeekTerminal$MonoTerminalPeekSubscriber.onError(MonoPeekTerminal.java:258)
		at org.springframework.http.server.reactive.ChannelSendOperator$WriteCompletionBarrier.onError(ChannelSendOperator.java:419)
		at org.springframework.http.server.reactive.ChannelSendOperator$WriteBarrier.onError(ChannelSendOperator.java:220)
		at reactor.core.publisher.FluxPeek$PeekSubscriber.onError(FluxPeek.java:222)
		at reactor.core.publisher.FluxPeek$PeekSubscriber.onError(FluxPeek.java:222)
		at reactor.core.publisher.FluxConcatArray$ConcatArraySubscriber.onError(FluxConcatArray.java:186)
		at org.springframework.security.test.context.support.ReactorContextTestExecutionListener$DelegateTestExecutionListener$SecuritySubContext.onError(ReactorContextTestExecutionListener.java:125)
		at reactor.core.publisher.Operators$MultiSubscriptionSubscriber.onError(Operators.java:2235)
		at reactor.core.publisher.FluxMap$MapSubscriber.onError(FluxMap.java:134)
		at reactor.core.publisher.MonoFlatMapMany$FlatMapManyInner.onError(MonoFlatMapMany.java:256)
		at org.springframework.security.test.context.support.ReactorContextTestExecutionListener$DelegateTestExecutionListener$SecuritySubContext.onError(ReactorContextTestExecutionListener.java:125)
		at reactor.core.publisher.FluxOnErrorResume$ResumeSubscriber.onError(FluxOnErrorResume.java:106)
		at org.springframework.security.test.context.support.ReactorContextTestExecutionListener$DelegateTestExecutionListener$SecuritySubContext.onError(ReactorContextTestExecutionListener.java:125)
		at reactor.core.publisher.Operators.error(Operators.java:198)
		at reactor.core.publisher.FluxError.subscribe(FluxError.java:43)
		at reactor.core.publisher.Flux.subscribe(Flux.java:8891)
		at reactor.core.publisher.FluxOnErrorResume$ResumeSubscriber.onError(FluxOnErrorResume.java:103)
		at reactor.core.publisher.FluxMap$MapSubscriber.onError(FluxMap.java:134)
		at reactor.core.publisher.MonoFlatMapMany$FlatMapManyMain.onError(MonoFlatMapMany.java:205)
		at reactor.core.publisher.Operators.error(Operators.java:198)
		at reactor.core.publisher.MonoError.subscribe(MonoError.java:53)
		at reactor.core.publisher.MonoDeferContextual.subscribe(MonoDeferContextual.java:55)
		at reactor.core.publisher.InternalFluxOperator.subscribe(InternalFluxOperator.java:68)
		at reactor.core.publisher.FluxDefer.subscribe(FluxDefer.java:54)
		at reactor.core.publisher.Flux.subscribe(Flux.java:8891)
		at reactor.core.publisher.MonoFlatMapMany$FlatMapManyMain.onNext(MonoFlatMapMany.java:196)
		at reactor.core.publisher.FluxSwitchIfEmpty$SwitchIfEmptySubscriber.onNext(FluxSwitchIfEmpty.java:74)
		at reactor.core.publisher.FluxMap$MapSubscriber.onNext(FluxMap.java:122)
		at reactor.core.publisher.MonoPeekTerminal$MonoTerminalPeekSubscriber.onNext(MonoPeekTerminal.java:180)
		at reactor.core.publisher.FluxPeekFuseable$PeekFuseableConditionalSubscriber.onNext(FluxPeekFuseable.java:503)
		at reactor.core.publisher.MonoPeekTerminal$MonoTerminalPeekSubscriber.onNext(MonoPeekTerminal.java:180)
		at reactor.core.publisher.FluxMapFuseable$MapFuseableConditionalSubscriber.onNext(FluxMapFuseable.java:299)
		at reactor.core.publisher.MonoFlatMap$FlatMapMain.secondComplete(MonoFlatMap.java:245)
		at reactor.core.publisher.MonoFlatMap$FlatMapInner.onNext(MonoFlatMap.java:305)
		at reactor.core.publisher.Operators$ScalarSubscription.request(Operators.java:2570)
		at reactor.core.publisher.MonoFlatMap$FlatMapInner.onSubscribe(MonoFlatMap.java:291)
		at reactor.core.publisher.MonoJust.subscribe(MonoJust.java:55)
		at reactor.core.publisher.MonoDefer.subscribe(MonoDefer.java:53)
		at reactor.core.publisher.MonoFlatMap$FlatMapMain.onNext(MonoFlatMap.java:165)
		at reactor.core.publisher.FluxMap$MapSubscriber.onNext(FluxMap.java:122)
		at reactor.core.publisher.FluxMap$MapSubscriber.onNext(FluxMap.java:122)
		at reactor.core.publisher.FluxDefaultIfEmpty$DefaultIfEmptySubscriber.onNext(FluxDefaultIfEmpty.java:122)
		at reactor.core.publisher.FluxMapFuseable$MapFuseableSubscriber.onNext(FluxMapFuseable.java:129)
		at reactor.core.publisher.MonoFlatMap$FlatMapMain.onNext(MonoFlatMap.java:158)
		at reactor.core.publisher.FluxFilter$FilterSubscriber.onNext(FluxFilter.java:113)
		at reactor.core.publisher.FluxMap$MapConditionalSubscriber.onNext(FluxMap.java:224)
		at reactor.core.publisher.Operators$ScalarSubscription.request(Operators.java:2570)
		at reactor.core.publisher.FluxMap$MapConditionalSubscriber.request(FluxMap.java:295)
		at reactor.core.publisher.FluxFilter$FilterSubscriber.request(FluxFilter.java:186)
		at reactor.core.publisher.MonoFlatMap$FlatMapMain.request(MonoFlatMap.java:194)
		at reactor.core.publisher.FluxMapFuseable$MapFuseableSubscriber.request(FluxMapFuseable.java:171)
		at reactor.core.publisher.FluxDefaultIfEmpty$DefaultIfEmptySubscriber.request(FluxDefaultIfEmpty.java:98)
		at reactor.core.publisher.FluxMap$MapSubscriber.request(FluxMap.java:164)
		at reactor.core.publisher.FluxMap$MapSubscriber.request(FluxMap.java:164)
		at reactor.core.publisher.MonoFlatMap$FlatMapMain.request(MonoFlatMap.java:194)
		at reactor.core.publisher.FluxMapFuseable$MapFuseableConditionalSubscriber.request(FluxMapFuseable.java:360)
		at reactor.core.publisher.MonoPeekTerminal$MonoTerminalPeekSubscriber.request(MonoPeekTerminal.java:139)
		at reactor.core.publisher.FluxPeekFuseable$PeekFuseableConditionalSubscriber.request(FluxPeekFuseable.java:437)
		at reactor.core.publisher.MonoPeekTerminal$MonoTerminalPeekSubscriber.request(MonoPeekTerminal.java:139)
		at reactor.core.publisher.FluxMap$MapSubscriber.request(FluxMap.java:164)
		at reactor.core.publisher.Operators$MultiSubscriptionSubscriber.set(Operators.java:2366)
		at reactor.core.publisher.Operators$MultiSubscriptionSubscriber.onSubscribe(Operators.java:2240)
		at reactor.core.publisher.FluxMap$MapSubscriber.onSubscribe(FluxMap.java:92)
		at reactor.core.publisher.MonoPeekTerminal$MonoTerminalPeekSubscriber.onSubscribe(MonoPeekTerminal.java:152)
		at reactor.core.publisher.FluxPeekFuseable$PeekFuseableConditionalSubscriber.onSubscribe(FluxPeekFuseable.java:471)
		at reactor.core.publisher.MonoPeekTerminal$MonoTerminalPeekSubscriber.onSubscribe(MonoPeekTerminal.java:152)
		at reactor.core.publisher.FluxMapFuseable$MapFuseableConditionalSubscriber.onSubscribe(FluxMapFuseable.java:265)
		at reactor.core.publisher.MonoFlatMap$FlatMapMain.onSubscribe(MonoFlatMap.java:117)
		at reactor.core.publisher.FluxMap$MapSubscriber.onSubscribe(FluxMap.java:92)
		at reactor.core.publisher.FluxMap$MapSubscriber.onSubscribe(FluxMap.java:92)
		at reactor.core.publisher.Operators$BaseFluxToMonoOperator.onSubscribe(Operators.java:2050)
		at reactor.core.publisher.FluxMapFuseable$MapFuseableSubscriber.onSubscribe(FluxMapFuseable.java:96)
		at reactor.core.publisher.MonoFlatMap$FlatMapMain.onSubscribe(MonoFlatMap.java:117)
		at reactor.core.publisher.FluxFilter$FilterSubscriber.onSubscribe(FluxFilter.java:85)
		at reactor.core.publisher.FluxMap$MapConditionalSubscriber.onSubscribe(FluxMap.java:194)
		at reactor.core.publisher.MonoJust.subscribe(MonoJust.java:55)
		at reactor.core.publisher.MonoDeferContextual.subscribe(MonoDeferContextual.java:55)
		at reactor.core.publisher.InternalMonoOperator.subscribe(InternalMonoOperator.java:76)
		at reactor.core.publisher.MonoDeferContextual.subscribe(MonoDeferContextual.java:55)
		at reactor.core.publisher.Flux.subscribe(Flux.java:8891)
		at reactor.core.publisher.FluxConcatArray$ConcatArraySubscriber.onComplete(FluxConcatArray.java:238)
		at reactor.core.publisher.FluxConcatArray.subscribe(FluxConcatArray.java:79)
		at reactor.core.publisher.InternalFluxOperator.subscribe(InternalFluxOperator.java:68)
		at reactor.core.publisher.FluxDeferContextual.subscribe(FluxDeferContextual.java:57)
		at org.springframework.http.server.reactive.ChannelSendOperator.subscribe(ChannelSendOperator.java:77)
		at reactor.core.publisher.InternalMonoOperator.subscribe(InternalMonoOperator.java:76)
		at reactor.core.publisher.MonoFlatMap$FlatMapMain.onNext(MonoFlatMap.java:165)
		at reactor.core.publisher.FluxOnErrorResume$ResumeSubscriber.onNext(FluxOnErrorResume.java:79)
		at reactor.core.publisher.FluxOnErrorResume$ResumeSubscriber.onNext(FluxOnErrorResume.java:79)
		at reactor.core.publisher.FluxPeek$PeekSubscriber.onNext(FluxPeek.java:200)
		at reactor.core.publisher.MonoIgnoreThen$ThenIgnoreMain.complete(MonoIgnoreThen.java:294)
		at reactor.core.publisher.MonoIgnoreThen$ThenIgnoreMain.onNext(MonoIgnoreThen.java:188)
		at reactor.core.publisher.Operators$ScalarSubscription.request(Operators.java:2570)
		at reactor.core.publisher.MonoIgnoreThen$ThenIgnoreMain.onSubscribe(MonoIgnoreThen.java:135)
		at reactor.core.publisher.FluxFlatMap.trySubscribeScalarMap(FluxFlatMap.java:193)
		at reactor.core.publisher.MonoFlatMap.subscribeOrReturn(MonoFlatMap.java:53)
		at reactor.core.publisher.InternalMonoOperator.subscribe(InternalMonoOperator.java:63)
		at reactor.core.publisher.MonoDefer.subscribe(MonoDefer.java:53)
		at reactor.core.publisher.MonoIgnoreThen$ThenIgnoreMain.subscribeNext(MonoIgnoreThen.java:241)
		at reactor.core.publisher.MonoIgnoreThen$ThenIgnoreMain.onComplete(MonoIgnoreThen.java:204)
		at org.springframework.security.test.context.support.ReactorContextTestExecutionListener$DelegateTestExecutionListener$SecuritySubContext.onComplete(ReactorContextTestExecutionListener.java:130)
		at reactor.core.publisher.MonoFlatMap$FlatMapMain.onComplete(MonoFlatMap.java:189)
		at reactor.core.publisher.Operators.complete(Operators.java:137)
		at reactor.core.publisher.MonoZip.subscribe(MonoZip.java:121)
		at reactor.core.publisher.Mono.subscribe(Mono.java:4576)
		at reactor.core.publisher.MonoIgnoreThen$ThenIgnoreMain.subscribeNext(MonoIgnoreThen.java:265)
		at reactor.core.publisher.MonoIgnoreThen.subscribe(MonoIgnoreThen.java:51)
		at reactor.core.publisher.InternalMonoOperator.subscribe(InternalMonoOperator.java:76)
		at reactor.core.publisher.MonoFlatMap$FlatMapMain.onNext(MonoFlatMap.java:165)
		at reactor.core.publisher.FluxOnErrorResume$ResumeSubscriber.onNext(FluxOnErrorResume.java:79)
		at reactor.core.publisher.FluxSwitchIfEmpty$SwitchIfEmptySubscriber.onNext(FluxSwitchIfEmpty.java:74)
		at reactor.core.publisher.MonoNext$NextSubscriber.onNext(MonoNext.java:82)
		at reactor.core.publisher.FluxConcatMapNoPrefetch$FluxConcatMapNoPrefetchSubscriber.innerNext(FluxConcatMapNoPrefetch.java:259)
		at reactor.core.publisher.FluxConcatMap$ConcatMapInner.onNext(FluxConcatMap.java:865)
		at org.springframework.security.test.context.support.ReactorContextTestExecutionListener$DelegateTestExecutionListener$SecuritySubContext.onNext(ReactorContextTestExecutionListener.java:120)
		at reactor.core.publisher.FluxMapFuseable$MapFuseableSubscriber.onNext(FluxMapFuseable.java:129)
		at reactor.core.publisher.MonoPeekTerminal$MonoTerminalPeekSubscriber.onNext(MonoPeekTerminal.java:180)
		at reactor.core.publisher.Operators$ScalarSubscription.request(Operators.java:2570)
		at reactor.core.publisher.MonoPeekTerminal$MonoTerminalPeekSubscriber.request(MonoPeekTerminal.java:139)
		at reactor.core.publisher.FluxMapFuseable$MapFuseableSubscriber.request(FluxMapFuseable.java:171)
		at reactor.core.publisher.Operators$MultiSubscriptionSubscriber.request(Operators.java:2330)
		at reactor.core.publisher.FluxConcatMapNoPrefetch$FluxConcatMapNoPrefetchSubscriber.request(FluxConcatMapNoPrefetch.java:339)
		at reactor.core.publisher.MonoNext$NextSubscriber.request(MonoNext.java:108)
		at reactor.core.publisher.Operators$MultiSubscriptionSubscriber.set(Operators.java:2366)
		at reactor.core.publisher.Operators$MultiSubscriptionSubscriber.onSubscribe(Operators.java:2240)
		at reactor.core.publisher.MonoNext$NextSubscriber.onSubscribe(MonoNext.java:70)
		at reactor.core.publisher.FluxConcatMapNoPrefetch$FluxConcatMapNoPrefetchSubscriber.onSubscribe(FluxConcatMapNoPrefetch.java:164)
		at reactor.core.publisher.FluxIterable.subscribe(FluxIterable.java:201)
		at reactor.core.publisher.FluxIterable.subscribe(FluxIterable.java:83)
		at reactor.core.publisher.InternalMonoOperator.subscribe(InternalMonoOperator.java:76)
		at reactor.core.publisher.MonoDefer.subscribe(MonoDefer.java:53)
		at reactor.core.publisher.MonoDefer.subscribe(MonoDefer.java:53)
		at reactor.core.publisher.Mono.subscribe(Mono.java:4576)
		at reactor.core.publisher.FluxSwitchIfEmpty$SwitchIfEmptySubscriber.onComplete(FluxSwitchIfEmpty.java:82)
		at reactor.core.publisher.MonoFlatMap$FlatMapMain.secondComplete(MonoFlatMap.java:250)
		at reactor.core.publisher.MonoFlatMap$FlatMapInner.onComplete(MonoFlatMap.java:324)
		at reactor.core.publisher.MonoFlatMap$FlatMapMain.secondComplete(MonoFlatMap.java:250)
		at reactor.core.publisher.MonoFlatMap$FlatMapInner.onComplete(MonoFlatMap.java:324)
		at reactor.core.publisher.FluxContextWrite$ContextWriteSubscriber.onComplete(FluxContextWrite.java:126)
		at reactor.core.publisher.MonoFlatMap$FlatMapMain.secondComplete(MonoFlatMap.java:250)
		at reactor.core.publisher.MonoFlatMap$FlatMapInner.onComplete(MonoFlatMap.java:324)
		at reactor.core.publisher.MonoFlatMap$FlatMapMain.secondComplete(MonoFlatMap.java:250)
		at reactor.core.publisher.MonoFlatMap$FlatMapInner.onComplete(MonoFlatMap.java:324)
		at reactor.core.publisher.Operators$MultiSubscriptionSubscriber.onComplete(Operators.java:2230)
		at reactor.core.publisher.MonoPeekTerminal$MonoTerminalPeekSubscriber.onComplete(MonoPeekTerminal.java:299)
		at org.springframework.http.server.reactive.ChannelSendOperator$WriteCompletionBarrier.onComplete(ChannelSendOperator.java:428)
		at org.springframework.security.test.context.support.ReactorContextTestExecutionListener$DelegateTestExecutionListener$SecuritySubContext.onComplete(ReactorContextTestExecutionListener.java:130)
		at reactor.core.publisher.MonoIgnoreElements$IgnoreElementsSubscriber.onComplete(MonoIgnoreElements.java:89)
		at reactor.core.publisher.FluxConcatArray$ConcatArraySubscriber.onComplete(FluxConcatArray.java:209)
		at reactor.core.publisher.FluxConcatArray.subscribe(FluxConcatArray.java:79)
		at reactor.core.publisher.Mono.subscribe(Mono.java:4576)
		at org.springframework.http.server.reactive.ChannelSendOperator$WriteBarrier.onNext(ChannelSendOperator.java:192)
		at reactor.core.publisher.FluxPeek$PeekSubscriber.onNext(FluxPeek.java:200)
		at reactor.core.publisher.FluxPeek$PeekSubscriber.onNext(FluxPeek.java:200)
		at reactor.core.publisher.FluxConcatArray$ConcatArraySubscriber.onNext(FluxConcatArray.java:180)
		at org.springframework.security.test.context.support.ReactorContextTestExecutionListener$DelegateTestExecutionListener$SecuritySubContext.onNext(ReactorContextTestExecutionListener.java:120)
		at reactor.core.publisher.FluxSwitchIfEmpty$SwitchIfEmptySubscriber.onNext(FluxSwitchIfEmpty.java:74)
		at reactor.core.publisher.FluxMap$MapSubscriber.onNext(FluxMap.java:122)
		at reactor.core.publisher.MonoFlatMapMany$FlatMapManyInner.onNext(MonoFlatMapMany.java:251)
		at org.springframework.security.test.context.support.ReactorContextTestExecutionListener$DelegateTestExecutionListener$SecuritySubContext.onNext(ReactorContextTestExecutionListener.java:120)
		at reactor.core.publisher.FluxOnErrorResume$ResumeSubscriber.onNext(FluxOnErrorResume.java:79)
		at reactor.core.publisher.FluxMap$MapSubscriber.onNext(FluxMap.java:122)
		at reactor.core.publisher.MonoFlatMapMany$FlatMapManyInner.onNext(MonoFlatMapMany.java:251)
		at org.springframework.security.test.context.support.ReactorContextTestExecutionListener$DelegateTestExecutionListener$SecuritySubContext.onNext(ReactorContextTestExecutionListener.java:120)
		at reactor.core.publisher.FluxUsingWhen$UsingWhenSubscriber.onNext(FluxUsingWhen.java:348)
		at org.springframework.security.test.context.support.ReactorContextTestExecutionListener$DelegateTestExecutionListener$SecuritySubContext.onNext(ReactorContextTestExecutionListener.java:120)
		at org.springframework.security.test.context.support.ReactorContextTestExecutionListener$DelegateTestExecutionListener$SecuritySubContext.onNext(ReactorContextTestExecutionListener.java:120)
		at org.springframework.security.test.context.support.ReactorContextTestExecutionListener$DelegateTestExecutionListener$SecuritySubContext.onNext(ReactorContextTestExecutionListener.java:120)
		at reactor.core.publisher.FluxConcatMapNoPrefetch$FluxConcatMapNoPrefetchSubscriber.innerNext(FluxConcatMapNoPrefetch.java:259)
		at reactor.core.publisher.FluxConcatMap$ConcatMapInner.onNext(FluxConcatMap.java:865)
		at reactor.core.publisher.FluxConcatMap$WeakScalarSubscription.request(FluxConcatMap.java:480)
		at reactor.core.publisher.Operators$MultiSubscriptionSubscriber.set(Operators.java:2366)
		at reactor.core.publisher.FluxConcatMapNoPrefetch$FluxConcatMapNoPrefetchSubscriber.onNext(FluxConcatMapNoPrefetch.java:202)
		at reactor.core.publisher.FluxOnErrorResume$ResumeSubscriber.onNext(FluxOnErrorResume.java:79)
		at reactor.core.publisher.FluxUsingWhen$UsingWhenSubscriber.onNext(FluxUsingWhen.java:348)
		at org.springframework.security.test.context.support.ReactorContextTestExecutionListener$DelegateTestExecutionListener$SecuritySubContext.onNext(ReactorContextTestExecutionListener.java:120)
		at reactor.core.publisher.FluxFlatMap$FlatMapMain.tryEmit(FluxFlatMap.java:547)
		at reactor.core.publisher.FluxFlatMap$FlatMapInner.onNext(FluxFlatMap.java:988)
		at org.springframework.security.test.context.support.ReactorContextTestExecutionListener$DelegateTestExecutionListener$SecuritySubContext.onNext(ReactorContextTestExecutionListener.java:120)
		at reactor.core.publisher.FluxHandle$HandleSubscriber.onNext(FluxHandle.java:129)
		at reactor.core.publisher.MonoFlatMapMany$FlatMapManyInner.onNext(MonoFlatMapMany.java:251)
		at org.springframework.security.test.context.support.ReactorContextTestExecutionListener$DelegateTestExecutionListener$SecuritySubContext.onNext(ReactorContextTestExecutionListener.java:120)
		at reactor.core.publisher.FluxHandleFuseable$HandleFuseableSubscriber.onNext(FluxHandleFuseable.java:194)
		at reactor.core.publisher.FluxFilterFuseable$FilterFuseableConditionalSubscriber.onNext(FluxFilterFuseable.java:337)
		at reactor.core.publisher.FluxContextWrite$ContextWriteSubscriber.onNext(FluxContextWrite.java:107)
		at reactor.core.publisher.FluxPeekFuseable$PeekConditionalSubscriber.onNext(FluxPeekFuseable.java:854)
		at reactor.core.publisher.FluxPeekFuseable$PeekConditionalSubscriber.onNext(FluxPeekFuseable.java:854)
		at io.r2dbc.postgresql.util.FluxDiscardOnCancel$FluxDiscardOnCancelSubscriber.onNext(FluxDiscardOnCancel.java:91)
		at reactor.core.publisher.FluxDoFinally$DoFinallySubscriber.onNext(FluxDoFinally.java:113)
		at reactor.core.publisher.FluxHandle$HandleSubscriber.onNext(FluxHandle.java:129)
		at reactor.core.publisher.FluxCreate$BufferAsyncSink.drain(FluxCreate.java:880)
		at reactor.core.publisher.FluxCreate$BufferAsyncSink.next(FluxCreate.java:805)
		at reactor.core.publisher.FluxCreate$SerializedFluxSink.next(FluxCreate.java:163)
		at io.r2dbc.postgresql.client.ReactorNettyClient$Conversation.emit(ReactorNettyClient.java:696)
		at io.r2dbc.postgresql.client.ReactorNettyClient$BackendMessageSubscriber.emit(ReactorNettyClient.java:948)
		at io.r2dbc.postgresql.client.ReactorNettyClient$BackendMessageSubscriber.onNext(ReactorNettyClient.java:822)
		at io.r2dbc.postgresql.client.ReactorNettyClient$BackendMessageSubscriber.onNext(ReactorNettyClient.java:728)
		at reactor.core.publisher.FluxHandle$HandleSubscriber.onNext(FluxHandle.java:129)
		at reactor.core.publisher.FluxPeekFuseable$PeekConditionalSubscriber.onNext(FluxPeekFuseable.java:854)
		at reactor.core.publisher.FluxMap$MapConditionalSubscriber.onNext(FluxMap.java:224)
		at reactor.core.publisher.FluxMap$MapConditionalSubscriber.onNext(FluxMap.java:224)
		at reactor.netty.channel.FluxReceive.drainReceiver(FluxReceive.java:292)
		at reactor.netty.channel.FluxReceive.onInboundNext(FluxReceive.java:401)
		at reactor.netty.channel.ChannelOperations.onInboundNext(ChannelOperations.java:435)
		at reactor.netty.channel.ChannelOperationsHandler.channelRead(ChannelOperationsHandler.java:115)
		at io.netty.channel.AbstractChannelHandlerContext.invokeChannelRead(AbstractChannelHandlerContext.java:444)
		at io.netty.channel.AbstractChannelHandlerContext.invokeChannelRead(AbstractChannelHandlerContext.java:420)
		at io.netty.channel.AbstractChannelHandlerContext.fireChannelRead(AbstractChannelHandlerContext.java:412)
		at io.netty.handler.codec.ByteToMessageDecoder.fireChannelRead(ByteToMessageDecoder.java:346)
		at io.netty.handler.codec.ByteToMessageDecoder.fireChannelRead(ByteToMessageDecoder.java:333)
		at io.netty.handler.codec.ByteToMessageDecoder.callDecode(ByteToMessageDecoder.java:455)
		at io.netty.handler.codec.ByteToMessageDecoder.channelRead(ByteToMessageDecoder.java:290)
		at io.netty.channel.AbstractChannelHandlerContext.invokeChannelRead(AbstractChannelHandlerContext.java:444)
		at io.netty.channel.AbstractChannelHandlerContext.invokeChannelRead(AbstractChannelHandlerContext.java:420)
		at io.netty.channel.AbstractChannelHandlerContext.fireChannelRead(AbstractChannelHandlerContext.java:412)
		at io.netty.channel.DefaultChannelPipeline$HeadContext.channelRead(DefaultChannelPipeline.java:1357)
		at io.netty.channel.AbstractChannelHandlerContext.invokeChannelRead(AbstractChannelHandlerContext.java:440)
		at io.netty.channel.AbstractChannelHandlerContext.invokeChannelRead(AbstractChannelHandlerContext.java:420)
		at io.netty.channel.DefaultChannelPipeline.fireChannelRead(DefaultChannelPipeline.java:868)
		at io.netty.channel.nio.AbstractNioByteChannel$NioByteUnsafe.read(AbstractNioByteChannel.java:166)
		at io.netty.channel.nio.NioEventLoop.processSelectedKey(NioEventLoop.java:796)
		at io.netty.channel.nio.NioEventLoop.processSelectedKeysOptimized(NioEventLoop.java:732)
		at io.netty.channel.nio.NioEventLoop.processSelectedKeys(NioEventLoop.java:658)
		at io.netty.channel.nio.NioEventLoop.run(NioEventLoop.java:562)
		at io.netty.util.concurrent.SingleThreadEventExecutor$4.run(SingleThreadEventExecutor.java:998)
		at io.netty.util.internal.ThreadExecutorMap$2.run(ThreadExecutorMap.java:74)
		at io.netty.util.concurrent.FastThreadLocalRunnable.run(FastThreadLocalRunnable.java:30)
		at java.base/java.lang.Thread.run(Thread.java:1583)

com.devguard.project.ProjectTenantIsolationIT.nombre_invalido_produce_400 -- Time elapsed: 0.130 s <<< ERROR!
org.springframework.web.reactive.function.client.WebClientRequestException: Error occurred after response was completed: BAD_REQUEST(400 BAD_REQUEST)[Content-Type:"application/problem+json", Content-Length:"184", Cache-Control:"no-cache, no-store, max-age=0, must-revalidate", Pragma:"no-cache", Expires:"0", X-Content-Type-Options:"nosniff", X-Frame-Options:"DENY", X-XSS-Protection:"0", Referrer-Policy:"no-referrer"]
	at org.springframework.web.reactive.function.client.ExchangeFunctions$DefaultExchangeFunction.lambda$wrapException$9(ExchangeFunctions.java:137)
	at reactor.core.publisher.MonoErrorSupplied.subscribe(MonoErrorSupplied.java:55)
	at reactor.core.publisher.Mono.subscribe(Mono.java:4576)
	at reactor.core.publisher.FluxOnErrorResume$ResumeSubscriber.onError(FluxOnErrorResume.java:103)
	at reactor.core.publisher.FluxPeek$PeekSubscriber.onError(FluxPeek.java:222)
	at reactor.core.publisher.FluxPeek$PeekSubscriber.onError(FluxPeek.java:222)
	at reactor.core.publisher.FluxMap$MapSubscriber.onError(FluxMap.java:134)
	at reactor.core.publisher.MonoSubscribeOn$SubscribeOnSubscriber.onError(MonoSubscribeOn.java:152)
	at org.springframework.security.test.context.support.ReactorContextTestExecutionListener$DelegateTestExecutionListener$SecuritySubContext.onError(ReactorContextTestExecutionListener.java:125)
	at reactor.core.publisher.MonoIgnoreThen$ThenIgnoreMain.onError(MonoIgnoreThen.java:280)
	at org.springframework.security.test.context.support.ReactorContextTestExecutionListener$DelegateTestExecutionListener$SecuritySubContext.onError(ReactorContextTestExecutionListener.java:125)
	at reactor.core.publisher.FluxOnErrorResume$ResumeSubscriber.onError(FluxOnErrorResume.java:106)
	at org.springframework.security.test.context.support.ReactorContextTestExecutionListener$DelegateTestExecutionListener$SecuritySubContext.onError(ReactorContextTestExecutionListener.java:125)
	at reactor.core.publisher.Operators.error(Operators.java:198)
	at reactor.core.publisher.MonoError.subscribe(MonoError.java:53)
	at reactor.core.publisher.Mono.subscribe(Mono.java:4576)
	at reactor.core.publisher.FluxOnErrorResume$ResumeSubscriber.onError(FluxOnErrorResume.java:103)
	at reactor.core.publisher.MonoWhen$WhenInner.onError(MonoWhen.java:423)
	at org.springframework.security.test.context.support.ReactorContextTestExecutionListener$DelegateTestExecutionListener$SecuritySubContext.onError(ReactorContextTestExecutionListener.java:125)
	at reactor.core.publisher.SinkEmptyMulticast$VoidInner.error(SinkEmptyMulticast.java:284)
	at reactor.core.publisher.SinkEmptyMulticast.tryEmitError(SinkEmptyMulticast.java:116)
	at reactor.core.publisher.LambdaMonoSubscriber.doError(LambdaMonoSubscriber.java:155)
	at reactor.core.publisher.LambdaMonoSubscriber.onError(LambdaMonoSubscriber.java:150)
	at org.springframework.security.test.context.support.ReactorContextTestExecutionListener$DelegateTestExecutionListener$SecuritySubContext.onError(ReactorContextTestExecutionListener.java:125)
	at reactor.core.publisher.MonoIgnoreThen$ThenIgnoreMain.onError(MonoIgnoreThen.java:280)
	at org.springframework.security.test.context.support.ReactorContextTestExecutionListener$DelegateTestExecutionListener$SecuritySubContext.onError(ReactorContextTestExecutionListener.java:125)
	at reactor.core.publisher.FluxTap$TapSubscriber.onError(FluxTap.java:254)
	at reactor.core.publisher.FluxOnErrorResume$ResumeSubscriber.onError(FluxOnErrorResume.java:106)
	at org.springframework.security.test.context.support.ReactorContextTestExecutionListener$DelegateTestExecutionListener$SecuritySubContext.onError(ReactorContextTestExecutionListener.java:125)
	at reactor.core.publisher.Operators.error(Operators.java:198)
	at reactor.core.publisher.MonoError.subscribe(MonoError.java:53)
	at reactor.core.publisher.Mono.subscribe(Mono.java:4576)
	at reactor.core.publisher.FluxOnErrorResume$ResumeSubscriber.onError(FluxOnErrorResume.java:103)
	at reactor.core.publisher.MonoPeekTerminal$MonoTerminalPeekSubscriber.onError(MonoPeekTerminal.java:258)
	at reactor.core.publisher.FluxOnErrorResume$ResumeSubscriber.onError(FluxOnErrorResume.java:106)
	at org.springframework.security.test.context.support.ReactorContextTestExecutionListener$DelegateTestExecutionListener$SecuritySubContext.onError(ReactorContextTestExecutionListener.java:125)
	at reactor.core.publisher.Operators.error(Operators.java:198)
	at reactor.core.publisher.MonoError.subscribe(MonoError.java:53)
	at reactor.core.publisher.Mono.subscribe(Mono.java:4576)
	at reactor.core.publisher.FluxOnErrorResume$ResumeSubscriber.onError(FluxOnErrorResume.java:103)
	at reactor.core.publisher.MonoPeekTerminal$MonoTerminalPeekSubscriber.onError(MonoPeekTerminal.java:258)
	at reactor.core.publisher.FluxOnErrorResume$ResumeSubscriber.onError(FluxOnErrorResume.java:106)
	at org.springframework.security.test.context.support.ReactorContextTestExecutionListener$DelegateTestExecutionListener$SecuritySubContext.onError(ReactorContextTestExecutionListener.java:125)
	at reactor.core.publisher.Operators.error(Operators.java:198)
	at reactor.core.publisher.MonoError.subscribe(MonoError.java:53)
	at reactor.core.publisher.Mono.subscribe(Mono.java:4576)
	at reactor.core.publisher.FluxOnErrorResume$ResumeSubscriber.onError(FluxOnErrorResume.java:103)
	at reactor.core.publisher.MonoPeekTerminal$MonoTerminalPeekSubscriber.onError(MonoPeekTerminal.java:258)
	at reactor.core.publisher.FluxOnErrorResume$ResumeSubscriber.onError(FluxOnErrorResume.java:106)
	at org.springframework.security.test.context.support.ReactorContextTestExecutionListener$DelegateTestExecutionListener$SecuritySubContext.onError(ReactorContextTestExecutionListener.java:125)
	at reactor.core.publisher.FluxOnAssembly$OnAssemblySubscriber.onError(FluxOnAssembly.java:544)
	at reactor.core.publisher.Operators.error(Operators.java:198)
	at reactor.core.publisher.MonoError.subscribe(MonoError.java:53)
	at reactor.core.publisher.Mono.subscribe(Mono.java:4576)
	at reactor.core.publisher.FluxOnErrorResume$ResumeSubscriber.onError(FluxOnErrorResume.java:103)
	at reactor.core.publisher.MonoPeekTerminal$MonoTerminalPeekSubscriber.onError(MonoPeekTerminal.java:258)
	at reactor.core.publisher.FluxOnAssembly$OnAssemblySubscriber.onError(FluxOnAssembly.java:544)
	at reactor.core.publisher.FluxOnAssembly$OnAssemblySubscriber.onError(FluxOnAssembly.java:544)
	at reactor.core.publisher.FluxOnErrorResume$ResumeSubscriber.onError(FluxOnErrorResume.java:106)
	at org.springframework.security.test.context.support.ReactorContextTestExecutionListener$DelegateTestExecutionListener$SecuritySubContext.onError(ReactorContextTestExecutionListener.java:125)
	at reactor.core.publisher.Operators.error(Operators.java:198)
	at reactor.core.publisher.MonoError.subscribe(MonoError.java:53)
	at reactor.core.publisher.Mono.subscribe(Mono.java:4576)
	at reactor.core.publisher.FluxOnErrorResume$ResumeSubscriber.onError(FluxOnErrorResume.java:103)
	at org.springframework.security.test.context.support.ReactorContextTestExecutionListener$DelegateTestExecutionListener$SecuritySubContext.onError(ReactorContextTestExecutionListener.java:125)
	at reactor.core.publisher.MonoFlatMap$FlatMapMain.secondError(MonoFlatMap.java:241)
	at reactor.core.publisher.MonoFlatMap$FlatMapInner.onError(MonoFlatMap.java:315)
	at reactor.core.publisher.FluxOnAssembly$OnAssemblySubscriber.onError(FluxOnAssembly.java:544)
	at reactor.core.publisher.FluxContextWrite$ContextWriteSubscriber.onError(FluxContextWrite.java:121)
	at reactor.core.publisher.MonoPeekTerminal$MonoTerminalPeekSubscriber.onError(MonoPeekTerminal.java:258)
	at reactor.core.publisher.FluxPeekFuseable$PeekFuseableConditionalSubscriber.onError(FluxPeekFuseable.java:553)
	at reactor.core.publisher.MonoPeekTerminal$MonoTerminalPeekSubscriber.onError(MonoPeekTerminal.java:258)
	at reactor.core.publisher.MonoPeekTerminal$MonoTerminalPeekSubscriber.onError(MonoPeekTerminal.java:258)
	at reactor.core.publisher.FluxContextWrite$ContextWriteSubscriber.onError(FluxContextWrite.java:121)
	at reactor.core.publisher.FluxOnAssembly$OnAssemblySubscriber.onError(FluxOnAssembly.java:544)
	at reactor.core.publisher.MonoPeekTerminal$MonoTerminalPeekSubscriber.onError(MonoPeekTerminal.java:258)
	at reactor.core.publisher.FluxOnAssembly$OnAssemblySubscriber.onError(FluxOnAssembly.java:544)
	at reactor.core.publisher.MonoPeekTerminal$MonoTerminalPeekSubscriber.onError(MonoPeekTerminal.java:258)
	at reactor.core.publisher.FluxContextWrite$ContextWriteSubscriber.onError(FluxContextWrite.java:121)
	at reactor.core.publisher.FluxOnAssembly$OnAssemblySubscriber.onError(FluxOnAssembly.java:544)
	at reactor.core.publisher.MonoPeekTerminal$MonoTerminalPeekSubscriber.onError(MonoPeekTerminal.java:258)
	at reactor.core.publisher.FluxOnErrorResume$ResumeSubscriber.onError(FluxOnErrorResume.java:106)
	at org.springframework.security.test.context.support.ReactorContextTestExecutionListener$DelegateTestExecutionListener$SecuritySubContext.onError(ReactorContextTestExecutionListener.java:125)
	at reactor.core.publisher.Operators.error(Operators.java:198)
	at reactor.core.publisher.MonoError.subscribe(MonoError.java:53)
	at reactor.core.publisher.Mono.subscribe(Mono.java:4576)
	at reactor.core.publisher.FluxOnErrorResume$ResumeSubscriber.onError(FluxOnErrorResume.java:103)
	at reactor.core.publisher.MonoFlatMap$FlatMapMain.secondError(MonoFlatMap.java:241)
	at reactor.core.publisher.MonoFlatMap$FlatMapInner.onError(MonoFlatMap.java:315)
	at reactor.core.publisher.MonoPeekTerminal$MonoTerminalPeekSubscriber.onError(MonoPeekTerminal.java:258)
	at reactor.core.publisher.MonoFlatMap$FlatMapMain.secondError(MonoFlatMap.java:241)
	at reactor.core.publisher.MonoFlatMap$FlatMapInner.onError(MonoFlatMap.java:315)
[...]
		at reactor.core.publisher.Flux.subscribe(Flux.java:8891)
		at reactor.core.publisher.MonoFlatMapMany$FlatMapManyMain.onNext(MonoFlatMapMany.java:196)
		at reactor.core.publisher.FluxSwitchIfEmpty$SwitchIfEmptySubscriber.onNext(FluxSwitchIfEmpty.java:74)
		at reactor.core.publisher.FluxMap$MapSubscriber.onNext(FluxMap.java:122)
		at reactor.core.publisher.MonoPeekTerminal$MonoTerminalPeekSubscriber.onNext(MonoPeekTerminal.java:180)
		at reactor.core.publisher.FluxPeekFuseable$PeekFuseableConditionalSubscriber.onNext(FluxPeekFuseable.java:503)
		at reactor.core.publisher.MonoPeekTerminal$MonoTerminalPeekSubscriber.onNext(MonoPeekTerminal.java:180)
		at reactor.core.publisher.FluxMapFuseable$MapFuseableConditionalSubscriber.onNext(FluxMapFuseable.java:299)
		at reactor.core.publisher.MonoFlatMap$FlatMapMain.secondComplete(MonoFlatMap.java:245)
		at reactor.core.publisher.MonoFlatMap$FlatMapInner.onNext(MonoFlatMap.java:305)
		at reactor.core.publisher.Operators$ScalarSubscription.request(Operators.java:2570)
		at reactor.core.publisher.MonoFlatMap$FlatMapInner.onSubscribe(MonoFlatMap.java:291)
		at reactor.core.publisher.MonoJust.subscribe(MonoJust.java:55)
		at reactor.core.publisher.MonoDefer.subscribe(MonoDefer.java:53)
		at reactor.core.publisher.MonoFlatMap$FlatMapMain.onNext(MonoFlatMap.java:165)
		at reactor.core.publisher.FluxMap$MapSubscriber.onNext(FluxMap.java:122)
		at reactor.core.publisher.FluxMap$MapSubscriber.onNext(FluxMap.java:122)
		at reactor.core.publisher.FluxDefaultIfEmpty$DefaultIfEmptySubscriber.onNext(FluxDefaultIfEmpty.java:122)
		at reactor.core.publisher.FluxMapFuseable$MapFuseableSubscriber.onNext(FluxMapFuseable.java:129)
		at reactor.core.publisher.MonoFlatMap$FlatMapMain.onNext(MonoFlatMap.java:158)
		at reactor.core.publisher.FluxFilter$FilterSubscriber.onNext(FluxFilter.java:113)
		at reactor.core.publisher.FluxMap$MapConditionalSubscriber.onNext(FluxMap.java:224)
		at reactor.core.publisher.Operators$ScalarSubscription.request(Operators.java:2570)
		at reactor.core.publisher.FluxMap$MapConditionalSubscriber.request(FluxMap.java:295)
		at reactor.core.publisher.FluxFilter$FilterSubscriber.request(FluxFilter.java:186)
		at reactor.core.publisher.MonoFlatMap$FlatMapMain.request(MonoFlatMap.java:194)
		at reactor.core.publisher.FluxMapFuseable$MapFuseableSubscriber.request(FluxMapFuseable.java:171)
		at reactor.core.publisher.FluxDefaultIfEmpty$DefaultIfEmptySubscriber.request(FluxDefaultIfEmpty.java:98)
		at reactor.core.publisher.FluxMap$MapSubscriber.request(FluxMap.java:164)
		at reactor.core.publisher.FluxMap$MapSubscriber.request(FluxMap.java:164)
		at reactor.core.publisher.MonoFlatMap$FlatMapMain.request(MonoFlatMap.java:194)
		at reactor.core.publisher.FluxMapFuseable$MapFuseableConditionalSubscriber.request(FluxMapFuseable.java:360)
		at reactor.core.publisher.MonoPeekTerminal$MonoTerminalPeekSubscriber.request(MonoPeekTerminal.java:139)
		at reactor.core.publisher.FluxPeekFuseable$PeekFuseableConditionalSubscriber.request(FluxPeekFuseable.java:437)
		at reactor.core.publisher.MonoPeekTerminal$MonoTerminalPeekSubscriber.request(MonoPeekTerminal.java:139)
		at reactor.core.publisher.FluxMap$MapSubscriber.request(FluxMap.java:164)
		at reactor.core.publisher.Operators$MultiSubscriptionSubscriber.set(Operators.java:2366)
		at reactor.core.publisher.Operators$MultiSubscriptionSubscriber.onSubscribe(Operators.java:2240)
		at reactor.core.publisher.FluxMap$MapSubscriber.onSubscribe(FluxMap.java:92)
		at reactor.core.publisher.MonoPeekTerminal$MonoTerminalPeekSubscriber.onSubscribe(MonoPeekTerminal.java:152)
		at reactor.core.publisher.FluxPeekFuseable$PeekFuseableConditionalSubscriber.onSubscribe(FluxPeekFuseable.java:471)
		at reactor.core.publisher.MonoPeekTerminal$MonoTerminalPeekSubscriber.onSubscribe(MonoPeekTerminal.java:152)
		at reactor.core.publisher.FluxMapFuseable$MapFuseableConditionalSubscriber.onSubscribe(FluxMapFuseable.java:265)
		at reactor.core.publisher.MonoFlatMap$FlatMapMain.onSubscribe(MonoFlatMap.java:117)
		at reactor.core.publisher.FluxMap$MapSubscriber.onSubscribe(FluxMap.java:92)
		at reactor.core.publisher.FluxMap$MapSubscriber.onSubscribe(FluxMap.java:92)
		at reactor.core.publisher.Operators$BaseFluxToMonoOperator.onSubscribe(Operators.java:2050)
		at reactor.core.publisher.FluxMapFuseable$MapFuseableSubscriber.onSubscribe(FluxMapFuseable.java:96)
		at reactor.core.publisher.MonoFlatMap$FlatMapMain.onSubscribe(MonoFlatMap.java:117)
		at reactor.core.publisher.FluxFilter$FilterSubscriber.onSubscribe(FluxFilter.java:85)
		at reactor.core.publisher.FluxMap$MapConditionalSubscriber.onSubscribe(FluxMap.java:194)
		at reactor.core.publisher.MonoJust.subscribe(MonoJust.java:55)
		at reactor.core.publisher.MonoDeferContextual.subscribe(MonoDeferContextual.java:55)
		at reactor.core.publisher.InternalMonoOperator.subscribe(InternalMonoOperator.java:76)
		at reactor.core.publisher.MonoDeferContextual.subscribe(MonoDeferContextual.java:55)
		at reactor.core.publisher.Flux.subscribe(Flux.java:8891)
		at reactor.core.publisher.FluxConcatArray$ConcatArraySubscriber.onComplete(FluxConcatArray.java:238)
		at reactor.core.publisher.FluxConcatArray.subscribe(FluxConcatArray.java:79)
		at reactor.core.publisher.InternalFluxOperator.subscribe(InternalFluxOperator.java:68)
		at reactor.core.publisher.FluxDeferContextual.subscribe(FluxDeferContextual.java:57)
		at org.springframework.http.server.reactive.ChannelSendOperator.subscribe(ChannelSendOperator.java:77)
		at reactor.core.publisher.InternalMonoOperator.subscribe(InternalMonoOperator.java:76)
		at reactor.core.publisher.MonoFlatMap$FlatMapMain.onNext(MonoFlatMap.java:165)
		at reactor.core.publisher.FluxOnErrorResume$ResumeSubscriber.onNext(FluxOnErrorResume.java:79)
		at reactor.core.publisher.FluxOnErrorResume$ResumeSubscriber.onNext(FluxOnErrorResume.java:79)
		at reactor.core.publisher.FluxPeek$PeekSubscriber.onNext(FluxPeek.java:200)
		at reactor.core.publisher.MonoIgnoreThen$ThenIgnoreMain.complete(MonoIgnoreThen.java:294)
		at reactor.core.publisher.MonoIgnoreThen$ThenIgnoreMain.onNext(MonoIgnoreThen.java:188)
		at reactor.core.publisher.Operators$ScalarSubscription.request(Operators.java:2570)
		at reactor.core.publisher.MonoIgnoreThen$ThenIgnoreMain.onSubscribe(MonoIgnoreThen.java:135)
		at reactor.core.publisher.FluxFlatMap.trySubscribeScalarMap(FluxFlatMap.java:193)
		at reactor.core.publisher.MonoFlatMap.subscribeOrReturn(MonoFlatMap.java:53)
		at reactor.core.publisher.InternalMonoOperator.subscribe(InternalMonoOperator.java:63)
		at reactor.core.publisher.MonoDefer.subscribe(MonoDefer.java:53)
		at reactor.core.publisher.MonoIgnoreThen$ThenIgnoreMain.subscribeNext(MonoIgnoreThen.java:241)
		at reactor.core.publisher.MonoIgnoreThen$ThenIgnoreMain.onComplete(MonoIgnoreThen.java:204)
		at org.springframework.security.test.context.support.ReactorContextTestExecutionListener$DelegateTestExecutionListener$SecuritySubContext.onComplete(ReactorContextTestExecutionListener.java:130)
		at reactor.core.publisher.MonoFlatMap$FlatMapMain.onComplete(MonoFlatMap.java:189)
		at reactor.core.publisher.Operators.complete(Operators.java:137)
		at reactor.core.publisher.MonoZip.subscribe(MonoZip.java:121)
		at reactor.core.publisher.Mono.subscribe(Mono.java:4576)
		at reactor.core.publisher.MonoIgnoreThen$ThenIgnoreMain.subscribeNext(MonoIgnoreThen.java:265)
		at reactor.core.publisher.MonoIgnoreThen.subscribe(MonoIgnoreThen.java:51)
		at reactor.core.publisher.InternalMonoOperator.subscribe(InternalMonoOperator.java:76)
		at reactor.core.publisher.MonoFlatMap$FlatMapMain.onNext(MonoFlatMap.java:165)
		at reactor.core.publisher.FluxOnErrorResume$ResumeSubscriber.onNext(FluxOnErrorResume.java:79)
		at reactor.core.publisher.FluxSwitchIfEmpty$SwitchIfEmptySubscriber.onNext(FluxSwitchIfEmpty.java:74)
		at reactor.core.publisher.MonoNext$NextSubscriber.onNext(MonoNext.java:82)
		at reactor.core.publisher.FluxConcatMapNoPrefetch$FluxConcatMapNoPrefetchSubscriber.innerNext(FluxConcatMapNoPrefetch.java:259)
		at reactor.core.publisher.FluxConcatMap$ConcatMapInner.onNext(FluxConcatMap.java:865)
		at org.springframework.security.test.context.support.ReactorContextTestExecutionListener$DelegateTestExecutionListener$SecuritySubContext.onNext(ReactorContextTestExecutionListener.java:120)
		at reactor.core.publisher.FluxMapFuseable$MapFuseableSubscriber.onNext(FluxMapFuseable.java:129)
		at reactor.core.publisher.MonoPeekTerminal$MonoTerminalPeekSubscriber.onNext(MonoPeekTerminal.java:180)
		at reactor.core.publisher.Operators$ScalarSubscription.request(Operators.java:2570)
		at reactor.core.publisher.MonoPeekTerminal$MonoTerminalPeekSubscriber.request(MonoPeekTerminal.java:139)
		at reactor.core.publisher.FluxMapFuseable$MapFuseableSubscriber.request(FluxMapFuseable.java:171)
		at reactor.core.publisher.Operators$MultiSubscriptionSubscriber.request(Operators.java:2330)
		at reactor.core.publisher.FluxConcatMapNoPrefetch$FluxConcatMapNoPrefetchSubscriber.request(FluxConcatMapNoPrefetch.java:339)
		at reactor.core.publisher.MonoNext$NextSubscriber.request(MonoNext.java:108)
		at reactor.core.publisher.Operators$MultiSubscriptionSubscriber.set(Operators.java:2366)
		at reactor.core.publisher.Operators$MultiSubscriptionSubscriber.onSubscribe(Operators.java:2240)
		at reactor.core.publisher.MonoNext$NextSubscriber.onSubscribe(MonoNext.java:70)
		at reactor.core.publisher.FluxConcatMapNoPrefetch$FluxConcatMapNoPrefetchSubscriber.onSubscribe(FluxConcatMapNoPrefetch.java:164)
		at reactor.core.publisher.FluxIterable.subscribe(FluxIterable.java:201)
		at reactor.core.publisher.FluxIterable.subscribe(FluxIterable.java:83)
		at reactor.core.publisher.InternalMonoOperator.subscribe(InternalMonoOperator.java:76)
		at reactor.core.publisher.MonoDefer.subscribe(MonoDefer.java:53)
		at reactor.core.publisher.MonoDefer.subscribe(MonoDefer.java:53)
		at reactor.core.publisher.Mono.subscribe(Mono.java:4576)
		at reactor.core.publisher.FluxSwitchIfEmpty$SwitchIfEmptySubscriber.onComplete(FluxSwitchIfEmpty.java:82)
		at reactor.core.publisher.MonoFlatMap$FlatMapMain.secondComplete(MonoFlatMap.java:250)
		at reactor.core.publisher.MonoFlatMap$FlatMapInner.onComplete(MonoFlatMap.java:324)
		at org.springframework.security.test.context.support.ReactorContextTestExecutionListener$DelegateTestExecutionListener$SecuritySubContext.onComplete(ReactorContextTestExecutionListener.java:130)
		at reactor.core.publisher.FluxContextWrite$ContextWriteSubscriber.onComplete(FluxContextWrite.java:126)
		at reactor.core.publisher.MonoFlatMap$FlatMapMain.secondComplete(MonoFlatMap.java:250)
		at reactor.core.publisher.MonoFlatMap$FlatMapInner.onComplete(MonoFlatMap.java:324)
		at reactor.core.publisher.MonoFlatMap$FlatMapMain.secondComplete(MonoFlatMap.java:250)
		at reactor.core.publisher.MonoFlatMap$FlatMapInner.onComplete(MonoFlatMap.java:324)
		at reactor.core.publisher.Operators$MultiSubscriptionSubscriber.onComplete(Operators.java:2230)
		at reactor.core.publisher.MonoPeekTerminal$MonoTerminalPeekSubscriber.onComplete(MonoPeekTerminal.java:299)
		at org.springframework.http.server.reactive.ChannelSendOperator$WriteCompletionBarrier.onComplete(ChannelSendOperator.java:428)
		at org.springframework.security.test.context.support.ReactorContextTestExecutionListener$DelegateTestExecutionListener$SecuritySubContext.onComplete(ReactorContextTestExecutionListener.java:130)
		at reactor.core.publisher.MonoIgnoreElements$IgnoreElementsSubscriber.onComplete(MonoIgnoreElements.java:89)
		at reactor.core.publisher.FluxConcatArray$ConcatArraySubscriber.onComplete(FluxConcatArray.java:209)
		at reactor.core.publisher.FluxConcatArray.subscribe(FluxConcatArray.java:79)
		at reactor.core.publisher.Mono.subscribe(Mono.java:4576)
		at org.springframework.http.server.reactive.ChannelSendOperator$WriteBarrier.onNext(ChannelSendOperator.java:192)
		at reactor.core.publisher.FluxPeek$PeekSubscriber.onNext(FluxPeek.java:200)
		at reactor.core.publisher.FluxPeek$PeekSubscriber.onNext(FluxPeek.java:200)
		at reactor.core.publisher.FluxConcatArray$ConcatArraySubscriber.onNext(FluxConcatArray.java:180)
		at org.springframework.security.test.context.support.ReactorContextTestExecutionListener$DelegateTestExecutionListener$SecuritySubContext.onNext(ReactorContextTestExecutionListener.java:120)
		at reactor.core.publisher.FluxSwitchIfEmpty$SwitchIfEmptySubscriber.onNext(FluxSwitchIfEmpty.java:74)
		at reactor.core.publisher.FluxMap$MapSubscriber.onNext(FluxMap.java:122)
		at reactor.core.publisher.MonoFlatMapMany$FlatMapManyInner.onNext(MonoFlatMapMany.java:251)
		at org.springframework.security.test.context.support.ReactorContextTestExecutionListener$DelegateTestExecutionListener$SecuritySubContext.onNext(ReactorContextTestExecutionListener.java:120)
		at reactor.core.publisher.FluxOnErrorResume$ResumeSubscriber.onNext(FluxOnErrorResume.java:79)
		at reactor.core.publisher.FluxMap$MapSubscriber.onNext(FluxMap.java:122)
		at reactor.core.publisher.MonoFlatMapMany$FlatMapManyInner.onNext(MonoFlatMapMany.java:251)
		at org.springframework.security.test.context.support.ReactorContextTestExecutionListener$DelegateTestExecutionListener$SecuritySubContext.onNext(ReactorContextTestExecutionListener.java:120)
		at reactor.core.publisher.FluxUsingWhen$UsingWhenSubscriber.onNext(FluxUsingWhen.java:348)
		at org.springframework.security.test.context.support.ReactorContextTestExecutionListener$DelegateTestExecutionListener$SecuritySubContext.onNext(ReactorContextTestExecutionListener.java:120)
		at org.springframework.security.test.context.support.ReactorContextTestExecutionListener$DelegateTestExecutionListener$SecuritySubContext.onNext(ReactorContextTestExecutionListener.java:120)
		at org.springframework.security.test.context.support.ReactorContextTestExecutionListener$DelegateTestExecutionListener$SecuritySubContext.onNext(ReactorContextTestExecutionListener.java:120)
		at reactor.core.publisher.FluxConcatMapNoPrefetch$FluxConcatMapNoPrefetchSubscriber.innerNext(FluxConcatMapNoPrefetch.java:259)
		at reactor.core.publisher.FluxConcatMap$ConcatMapInner.onNext(FluxConcatMap.java:865)
		at reactor.core.publisher.FluxConcatMap$WeakScalarSubscription.request(FluxConcatMap.java:480)
		at reactor.core.publisher.Operators$MultiSubscriptionSubscriber.set(Operators.java:2366)
		at reactor.core.publisher.FluxConcatMapNoPrefetch$FluxConcatMapNoPrefetchSubscriber.onNext(FluxConcatMapNoPrefetch.java:202)
		at reactor.core.publisher.FluxOnErrorResume$ResumeSubscriber.onNext(FluxOnErrorResume.java:79)
		at reactor.core.publisher.FluxUsingWhen$UsingWhenSubscriber.onNext(FluxUsingWhen.java:348)
		at org.springframework.security.test.context.support.ReactorContextTestExecutionListener$DelegateTestExecutionListener$SecuritySubContext.onNext(ReactorContextTestExecutionListener.java:120)
		at reactor.core.publisher.FluxFlatMap$FlatMapMain.tryEmit(FluxFlatMap.java:547)
		at reactor.core.publisher.FluxFlatMap$FlatMapInner.onNext(FluxFlatMap.java:988)
		at org.springframework.security.test.context.support.ReactorContextTestExecutionListener$DelegateTestExecutionListener$SecuritySubContext.onNext(ReactorContextTestExecutionListener.java:120)
		at reactor.core.publisher.FluxHandle$HandleSubscriber.onNext(FluxHandle.java:129)
		at reactor.core.publisher.MonoFlatMapMany$FlatMapManyInner.onNext(MonoFlatMapMany.java:251)
		at org.springframework.security.test.context.support.ReactorContextTestExecutionListener$DelegateTestExecutionListener$SecuritySubContext.onNext(ReactorContextTestExecutionListener.java:120)
		at reactor.core.publisher.FluxHandleFuseable$HandleFuseableSubscriber.onNext(FluxHandleFuseable.java:194)
		at reactor.core.publisher.FluxFilterFuseable$FilterFuseableConditionalSubscriber.onNext(FluxFilterFuseable.java:337)
		at reactor.core.publisher.FluxContextWrite$ContextWriteSubscriber.onNext(FluxContextWrite.java:107)
		at reactor.core.publisher.FluxPeekFuseable$PeekConditionalSubscriber.onNext(FluxPeekFuseable.java:854)
		at reactor.core.publisher.FluxPeekFuseable$PeekConditionalSubscriber.onNext(FluxPeekFuseable.java:854)
		at io.r2dbc.postgresql.util.FluxDiscardOnCancel$FluxDiscardOnCancelSubscriber.onNext(FluxDiscardOnCancel.java:91)
		at reactor.core.publisher.FluxDoFinally$DoFinallySubscriber.onNext(FluxDoFinally.java:113)
		at reactor.core.publisher.FluxHandle$HandleSubscriber.onNext(FluxHandle.java:129)
		at reactor.core.publisher.FluxCreate$BufferAsyncSink.drain(FluxCreate.java:880)
		at reactor.core.publisher.FluxCreate$BufferAsyncSink.next(FluxCreate.java:805)
		at reactor.core.publisher.FluxCreate$SerializedFluxSink.next(FluxCreate.java:163)
		at io.r2dbc.postgresql.client.ReactorNettyClient$Conversation.emit(ReactorNettyClient.java:696)
		at io.r2dbc.postgresql.client.ReactorNettyClient$BackendMessageSubscriber.emit(ReactorNettyClient.java:948)
		at io.r2dbc.postgresql.client.ReactorNettyClient$BackendMessageSubscriber.onNext(ReactorNettyClient.java:822)
		at io.r2dbc.postgresql.client.ReactorNettyClient$BackendMessageSubscriber.onNext(ReactorNettyClient.java:728)
		at reactor.core.publisher.FluxHandle$HandleSubscriber.onNext(FluxHandle.java:129)
		at reactor.core.publisher.FluxPeekFuseable$PeekConditionalSubscriber.onNext(FluxPeekFuseable.java:854)
		at reactor.core.publisher.FluxMap$MapConditionalSubscriber.onNext(FluxMap.java:224)
		at reactor.core.publisher.FluxMap$MapConditionalSubscriber.onNext(FluxMap.java:224)
		at reactor.netty.channel.FluxReceive.drainReceiver(FluxReceive.java:292)
		at reactor.netty.channel.FluxReceive.onInboundNext(FluxReceive.java:401)
		at reactor.netty.channel.ChannelOperations.onInboundNext(ChannelOperations.java:435)
		at reactor.netty.channel.ChannelOperationsHandler.channelRead(ChannelOperationsHandler.java:115)
		at io.netty.channel.AbstractChannelHandlerContext.invokeChannelRead(AbstractChannelHandlerContext.java:444)
		at io.netty.channel.AbstractChannelHandlerContext.invokeChannelRead(AbstractChannelHandlerContext.java:420)
		at io.netty.channel.AbstractChannelHandlerContext.fireChannelRead(AbstractChannelHandlerContext.java:412)
		at io.netty.handler.codec.ByteToMessageDecoder.fireChannelRead(ByteToMessageDecoder.java:346)
		at io.netty.handler.codec.ByteToMessageDecoder.fireChannelRead(ByteToMessageDecoder.java:333)
		at io.netty.handler.codec.ByteToMessageDecoder.callDecode(ByteToMessageDecoder.java:455)
		at io.netty.handler.codec.ByteToMessageDecoder.channelRead(ByteToMessageDecoder.java:290)
		at io.netty.channel.AbstractChannelHandlerContext.invokeChannelRead(AbstractChannelHandlerContext.java:444)
		at io.netty.channel.AbstractChannelHandlerContext.invokeChannelRead(AbstractChannelHandlerContext.java:420)
		at io.netty.channel.AbstractChannelHandlerContext.fireChannelRead(AbstractChannelHandlerContext.java:412)
		at io.netty.channel.DefaultChannelPipeline$HeadContext.channelRead(DefaultChannelPipeline.java:1357)
		at io.netty.channel.AbstractChannelHandlerContext.invokeChannelRead(AbstractChannelHandlerContext.java:440)
		at io.netty.channel.AbstractChannelHandlerContext.invokeChannelRead(AbstractChannelHandlerContext.java:420)
		at io.netty.channel.DefaultChannelPipeline.fireChannelRead(DefaultChannelPipeline.java:868)
		at io.netty.channel.nio.AbstractNioByteChannel$NioByteUnsafe.read(AbstractNioByteChannel.java:166)
		at io.netty.channel.nio.NioEventLoop.processSelectedKey(NioEventLoop.java:796)
		at io.netty.channel.nio.NioEventLoop.processSelectedKeysOptimized(NioEventLoop.java:732)
		at io.netty.channel.nio.NioEventLoop.processSelectedKeys(NioEventLoop.java:658)
		at io.netty.channel.nio.NioEventLoop.run(NioEventLoop.java:562)
		at io.netty.util.concurrent.SingleThreadEventExecutor$4.run(SingleThreadEventExecutor.java:998)
		at io.netty.util.internal.ThreadExecutorMap$2.run(ThreadExecutorMap.java:74)
		at io.netty.util.concurrent.FastThreadLocalRunnable.run(FastThreadLocalRunnable.java:30)
		at java.base/java.lang.Thread.run(Thread.java:1583)

